#
# There is insufficient memory for the Java Runtime Environment to continue.
# Native memory allocation (malloc) failed to allocate 32784 bytes for Chunk::new
# Possible reasons:
#   The system is out of physical RAM or swap space
#   The process is running with CompressedOops enabled, and the Java Heap may be blocking the growth of the native heap
# Possible solutions:
#   Reduce memory load on the system
#   Increase physical memory or swap space
#   Check if swap backing store is full
#   Decrease Java heap size (-Xmx/-Xms)
#   Decrease number of Java threads
#   Decrease Java thread stack sizes (-Xss)
#   Set larger code cache with -XX:ReservedCodeCacheSize=
#   JVM is running with Unscaled Compressed Oops mode in which the Java heap is
#     placed in the first 4GB address space. The Java Heap base address is the
#     maximum limit for the native heap growth. Please use -XX:HeapBaseMinAddress
#     to set the Java Heap base and to place the Java Heap above 4GB virtual address.
# This output file may be truncated or incomplete.
#
#  Out of Memory Error (src/hotspot/share/memory/arena.cpp:197), pid=15188, tid=6916
#
# JRE version: OpenJDK Runtime Environment (11.0.15) (build 11.0.15+0-b2043.56-9505619)
# Java VM: OpenJDK 64-Bit Server VM (11.0.15+0-b2043.56-9505619, mixed mode, tiered, compressed oops, g1 gc, windows-amd64)
# No core dump will be written. Minidumps are not enabled by default on client versions of Windows
#

---------------  S U M M A R Y ------------

Command Line: --add-opens=java.base/java.util=ALL-UNNAMED --add-opens=java.base/java.lang=ALL-UNNAMED --add-opens=java.base/java.lang.invoke=ALL-UNNAMED --add-opens=java.base/java.util=ALL-UNNAMED --add-opens=java.prefs/java.util.prefs=ALL-UNNAMED --add-opens=java.prefs/java.util.prefs=ALL-UNNAMED --add-opens=java.base/java.nio.charset=ALL-UNNAMED --add-opens=java.base/java.net=ALL-UNNAMED --add-opens=java.base/java.util.concurrent.atomic=ALL-UNNAMED -Xmx1536M -Dfile.encoding=windows-1252 -Duser.country=US -Duser.language=en -Duser.variant org.gradle.launcher.daemon.bootstrap.GradleDaemon 7.5

Host: Intel(R) Core(TM) i5-3470S CPU @ 2.90GHz, 4 cores, 15G,  Windows 10 , 64 bit Build 19041 (10.0.19041.1023)
Time: Mon Sep  4 13:15:09 2023 Pakistan Standard Time elapsed time: 47.127802 seconds (0d 0h 0m 47s)

---------------  T H R E A D  ---------------

Current thread (0x000001e0ef682000):  JavaThread "C2 CompilerThread0" daemon [_thread_in_native, id=6916, stack(0x0000002a0f200000,0x0000002a0f300000)]


Current CompileTask:
C2:  47127 13430       4       org.gradle.internal.logging.text.AbstractLineChoppingStyledTextOutput::doAppend (43 bytes)

Stack: [0x0000002a0f200000,0x0000002a0f300000]
Native frames: (J=compiled Java code, j=interpreted, Vv=VM code, C=native code)
V  [jvm.dll+0x64135a]
V  [jvm.dll+0x7d39f9]
V  [jvm.dll+0x7d51b9]
V  [jvm.dll+0x7d58a3]
V  [jvm.dll+0x2691c5]
V  [jvm.dll+0xc1a5c]
V  [jvm.dll+0xc200c]
V  [jvm.dll+0xc1b6b]
V  [jvm.dll+0x61e08f]
V  [jvm.dll+0x6548f1]
V  [jvm.dll+0x653dfa]
V  [jvm.dll+0x1a130c]
V  [jvm.dll+0x2d926f]
V  [jvm.dll+0x65f336]
V  [jvm.dll+0x656cbb]
V  [jvm.dll+0x656309]
V  [jvm.dll+0x6540ed]
V  [jvm.dll+0x1a130c]
V  [jvm.dll+0x2d926f]
V  [jvm.dll+0x65f336]
V  [jvm.dll+0x656cbb]
V  [jvm.dll+0x656309]
V  [jvm.dll+0x6540ed]
V  [jvm.dll+0x1a130c]
V  [jvm.dll+0x2d926f]
V  [jvm.dll+0x65f336]
V  [jvm.dll+0x656cbb]
V  [jvm.dll+0x656309]
V  [jvm.dll+0x6540ed]
V  [jvm.dll+0x1a130c]
V  [jvm.dll+0x2d926f]
V  [jvm.dll+0x65f336]
V  [jvm.dll+0x656cbb]
V  [jvm.dll+0x656309]
V  [jvm.dll+0x6540ed]
V  [jvm.dll+0x1a130c]
V  [jvm.dll+0x2d926f]
V  [jvm.dll+0x65f336]
V  [jvm.dll+0x656cbb]
V  [jvm.dll+0x656309]
V  [jvm.dll+0x6540ed]
V  [jvm.dll+0x1a130c]
V  [jvm.dll+0x1a1eb7]
V  [jvm.dll+0x2d926f]
V  [jvm.dll+0x65f336]
V  [jvm.dll+0x656cbb]
V  [jvm.dll+0x656309]
V  [jvm.dll+0x6540ed]
V  [jvm.dll+0x1a130c]
V  [jvm.dll+0x2200ef]
V  [jvm.dll+0x19e851]
V  [jvm.dll+0x230479]
V  [jvm.dll+0x22e5ef]
V  [jvm.dll+0x794de1]
V  [jvm.dll+0x78dc24]
V  [jvm.dll+0x6400f6]
C  [ucrtbase.dll+0x21bb2]
C  [KERNEL32.DLL+0x17034]
C  [ntdll.dll+0x52651]


---------------  P R O C E S S  ---------------

Threads class SMR info:
_java_thread_list=0x000001e0fa8c5080, length=87, elements={
0x000001e0d6462800, 0x000001e0ef61b000, 0x000001e0ef624000, 0x000001e0ef67c800,
0x000001e0ef67d800, 0x000001e0ef67f000, 0x000001e0ef682000, 0x000001e0ef685000,
0x000001e0ef688000, 0x000001e0ef7f6800, 0x000001e0f0841800, 0x000001e0f2ad1000,
0x000001e0f2bf2800, 0x000001e0f0396800, 0x000001e0f1cf9000, 0x000001e0f0163000,
0x000001e0f1cd2800, 0x000001e0f0bdb800, 0x000001e0f06e9000, 0x000001e0f0d31800,
0x000001e0f189a000, 0x000001e0f1894000, 0x000001e0f1899000, 0x000001e0f1896000,
0x000001e0f189a800, 0x000001e0f1896800, 0x000001e0f1897800, 0x000001e0f1898000,
0x000001e0f1895000, 0x000001e0f48c0000, 0x000001e0f48bc000, 0x000001e0f48bf000,
0x000001e0f48bd000, 0x000001e0f48c1000, 0x000001e0f48bb000, 0x000001e0f48c6000,
0x000001e0f48c3800, 0x000001e0f48c4000, 0x000001e0f48c5000, 0x000001e0f48c6800,
0x000001e0f48c7800, 0x000001e0f48c1800, 0x000001e0f48c2800, 0x000001e0f48c8000,
0x000001e0f48c9000, 0x000001e0f1d4d000, 0x000001e0f1d4f000, 0x000001e0f1d4f800,
0x000001e0f1d50800, 0x000001e0f1d52000, 0x000001e0f1d53800, 0x000001e0f1d51800,
0x000001e0f1d53000, 0x000001e0f1d4e000, 0x000001e0f1d59800, 0x000001e0f1d5a000,
0x000001e0f1d54800, 0x000001e0f1d5b000, 0x000001e0f1d57000, 0x000001e0f1d55800,
0x000001e0f1d58000, 0x000001e0f1d5c000, 0x000001e0f1d58800, 0x000001e0f1d56000,
0x000001e0f3614800, 0x000001e0f3613800, 0x000001e0f3615000, 0x000001e0f3616000,
0x000001e0f3616800, 0x000001e0f3617800, 0x000001e0f3618800, 0x000001e0f3612800,
0x000001e0f361b800, 0x000001e0f361e000, 0x000001e0f361d800, 0x000001e0f361b000,
0x000001e0f361f000, 0x000001e0f3619000, 0x000001e0f361f800, 0x000001e0f361a000,
0x000001e0f3620800, 0x000001e0f3621800, 0x000001e0f2341800, 0x000001e0f2342800,
0x000001e0f2345000, 0x000001e0f2343000, 0x000001e0f233f000
}

Java Threads: ( => current thread )
  0x000001e0d6462800 JavaThread "main" [_thread_blocked, id=9608, stack(0x0000002a0e600000,0x0000002a0e700000)]
  0x000001e0ef61b000 JavaThread "Reference Handler" daemon [_thread_blocked, id=13076, stack(0x0000002a0ed00000,0x0000002a0ee00000)]
  0x000001e0ef624000 JavaThread "Finalizer" daemon [_thread_blocked, id=16340, stack(0x0000002a0ee00000,0x0000002a0ef00000)]
  0x000001e0ef67c800 JavaThread "Signal Dispatcher" daemon [_thread_blocked, id=15428, stack(0x0000002a0ef00000,0x0000002a0f000000)]
  0x000001e0ef67d800 JavaThread "Attach Listener" daemon [_thread_blocked, id=13668, stack(0x0000002a0f000000,0x0000002a0f100000)]
  0x000001e0ef67f000 JavaThread "Service Thread" daemon [_thread_blocked, id=8816, stack(0x0000002a0f100000,0x0000002a0f200000)]
=>0x000001e0ef682000 JavaThread "C2 CompilerThread0" daemon [_thread_in_native, id=6916, stack(0x0000002a0f200000,0x0000002a0f300000)]
  0x000001e0ef685000 JavaThread "C1 CompilerThread0" daemon [_thread_blocked, id=3148, stack(0x0000002a0f300000,0x0000002a0f400000)]
  0x000001e0ef688000 JavaThread "Sweeper thread" daemon [_thread_blocked, id=5348, stack(0x0000002a0f400000,0x0000002a0f500000)]
  0x000001e0ef7f6800 JavaThread "Common-Cleaner" daemon [_thread_blocked, id=4480, stack(0x0000002a0f500000,0x0000002a0f600000)]
  0x000001e0f0841800 JavaThread "Daemon health stats" [_thread_blocked, id=10124, stack(0x0000002a0fb00000,0x0000002a0fc00000)]
  0x000001e0f2ad1000 JavaThread "Incoming local TCP Connector on port 52381" [_thread_in_native, id=4476, stack(0x0000002a0f700000,0x0000002a0f800000)]
  0x000001e0f2bf2800 JavaThread "Daemon periodic checks" [_thread_blocked, id=6236, stack(0x0000002a0fc00000,0x0000002a0fd00000)]
  0x000001e0f0396800 JavaThread "Daemon" [_thread_blocked, id=10708, stack(0x0000002a0fd00000,0x0000002a0fe00000)]
  0x000001e0f1cf9000 JavaThread "Handler for socket connection from /127.0.0.1:52381 to /127.0.0.1:52382" [_thread_in_native, id=16224, stack(0x0000002a0fe00000,0x0000002a0ff00000)]
  0x000001e0f0163000 JavaThread "Cancel handler" [_thread_blocked, id=2580, stack(0x0000002a0ff00000,0x0000002a10000000)]
  0x000001e0f1cd2800 JavaThread "Daemon worker" [_thread_blocked, id=3152, stack(0x0000002a10000000,0x0000002a10100000)]
  0x000001e0f0bdb800 JavaThread "Asynchronous log dispatcher for DefaultDaemonConnection: socket connection from /127.0.0.1:52381 to /127.0.0.1:52382" [_thread_blocked, id=9908, stack(0x0000002a10100000,0x0000002a10200000)]
  0x000001e0f06e9000 JavaThread "Stdin handler" [_thread_blocked, id=8552, stack(0x0000002a10200000,0x0000002a10300000)]
  0x000001e0f0d31800 JavaThread "Daemon client event forwarder" [_thread_blocked, id=7492, stack(0x0000002a10300000,0x0000002a10400000)]
  0x000001e0f189a000 JavaThread "Cache worker for journal cache (C:\Users\bilal.ahmad\.gradle\caches\journal-1)" [_thread_blocked, id=7944, stack(0x0000002a10400000,0x0000002a10500000)]
  0x000001e0f1894000 JavaThread "File lock request listener" [_thread_in_native, id=13608, stack(0x0000002a10500000,0x0000002a10600000)]
  0x000001e0f1899000 JavaThread "Cache worker for file hash cache (C:\Users\bilal.ahmad\.gradle\caches\7.5\fileHashes)" [_thread_blocked, id=5208, stack(0x0000002a10600000,0x0000002a10700000)]
  0x000001e0f1896000 JavaThread "File watcher server" daemon [_thread_in_native, id=14308, stack(0x0000002a10800000,0x0000002a10900000)]
  0x000001e0f189a800 JavaThread "File watcher consumer" daemon [_thread_blocked, id=15392, stack(0x0000002a10900000,0x0000002a10a00000)]
  0x000001e0f1896800 JavaThread "Cache worker for checksums cache (E:\vloo-frontend\android\.gradle\7.5\checksums)" [_thread_blocked, id=1744, stack(0x0000002a10a00000,0x0000002a10b00000)]
  0x000001e0f1897800 JavaThread "Cache worker for cache directory md-rule (C:\Users\bilal.ahmad\.gradle\caches\7.5\md-rule)" [_thread_blocked, id=13452, stack(0x0000002a10b00000,0x0000002a10c00000)]
  0x000001e0f1898000 JavaThread "Cache worker for file content cache (C:\Users\bilal.ahmad\.gradle\caches\7.5\fileContent)" [_thread_blocked, id=15064, stack(0x0000002a10c00000,0x0000002a10d00000)]
  0x000001e0f1895000 JavaThread "Cache worker for file hash cache (E:\vloo-frontend\android\.gradle\7.5\fileHashes)" [_thread_blocked, id=7156, stack(0x0000002a10d00000,0x0000002a10e00000)]
  0x000001e0f48c0000 JavaThread "Cache worker for cache directory md-supplier (C:\Users\bilal.ahmad\.gradle\caches\7.5\md-supplier)" [_thread_blocked, id=6764, stack(0x0000002a10e00000,0x0000002a10f00000)]
  0x000001e0f48bc000 JavaThread "Cache worker for execution history cache (C:\Users\bilal.ahmad\.gradle\caches\7.5\executionHistory)" [_thread_blocked, id=11272, stack(0x0000002a10f00000,0x0000002a11000000)]
  0x000001e0f48bf000 JavaThread "jar transforms" [_thread_blocked, id=12512, stack(0x0000002a11000000,0x0000002a11100000)]
  0x000001e0f48bd000 JavaThread "jar transforms Thread 2" [_thread_blocked, id=8020, stack(0x0000002a11100000,0x0000002a11200000)]
  0x000001e0f48c1000 JavaThread "jar transforms Thread 3" [_thread_blocked, id=10364, stack(0x0000002a11200000,0x0000002a11300000)]
  0x000001e0f48bb000 JavaThread "jar transforms Thread 4" [_thread_blocked, id=6048, stack(0x0000002a11300000,0x0000002a11400000)]
  0x000001e0f48c6000 JavaThread "Cache worker for dependencies-accessors (E:\vloo-frontend\android\.gradle\7.5\dependencies-accessors)" [_thread_blocked, id=15212, stack(0x0000002a11400000,0x0000002a11500000)]
  0x000001e0f48c3800 JavaThread "Cache worker for Build Output Cleanup Cache (E:\vloo-frontend\android\.gradle\buildOutputCleanup)" [_thread_blocked, id=11512, stack(0x0000002a11500000,0x0000002a11600000)]
  0x000001e0f48c4000 JavaThread "Unconstrained build operations" [_thread_blocked, id=15888, stack(0x0000002a11600000,0x0000002a11700000)]
  0x000001e0f48c5000 JavaThread "Unconstrained build operations Thread 2" [_thread_blocked, id=9892, stack(0x0000002a11700000,0x0000002a11800000)]
  0x000001e0f48c6800 JavaThread "Unconstrained build operations Thread 3" [_thread_blocked, id=4844, stack(0x0000002a11800000,0x0000002a11900000)]
  0x000001e0f48c7800 JavaThread "Unconstrained build operations Thread 4" [_thread_blocked, id=14920, stack(0x0000002a11900000,0x0000002a11a00000)]
  0x000001e0f48c1800 JavaThread "Unconstrained build operations Thread 5" [_thread_blocked, id=12988, stack(0x0000002a11a00000,0x0000002a11b00000)]
  0x000001e0f48c2800 JavaThread "Unconstrained build operations Thread 6" [_thread_blocked, id=11684, stack(0x0000002a11b00000,0x0000002a11c00000)]
  0x000001e0f48c8000 JavaThread "Unconstrained build operations Thread 7" [_thread_blocked, id=5260, stack(0x0000002a11c00000,0x0000002a11d00000)]
  0x000001e0f48c9000 JavaThread "Unconstrained build operations Thread 8" [_thread_blocked, id=4884, stack(0x0000002a11d00000,0x0000002a11e00000)]
  0x000001e0f1d4d000 JavaThread "Unconstrained build operations Thread 9" [_thread_blocked, id=10160, stack(0x0000002a11e00000,0x0000002a11f00000)]
  0x000001e0f1d4f000 JavaThread "Unconstrained build operations Thread 10" [_thread_blocked, id=10356, stack(0x0000002a11f00000,0x0000002a12000000)]
  0x000001e0f1d4f800 JavaThread "Unconstrained build operations Thread 11" [_thread_blocked, id=11928, stack(0x0000002a12000000,0x0000002a12100000)]
  0x000001e0f1d50800 JavaThread "Unconstrained build operations Thread 12" [_thread_blocked, id=5180, stack(0x0000002a12100000,0x0000002a12200000)]
  0x000001e0f1d52000 JavaThread "Unconstrained build operations Thread 13" [_thread_blocked, id=3784, stack(0x0000002a12200000,0x0000002a12300000)]
  0x000001e0f1d53800 JavaThread "Unconstrained build operations Thread 14" [_thread_blocked, id=7068, stack(0x0000002a12300000,0x0000002a12400000)]
  0x000001e0f1d51800 JavaThread "Unconstrained build operations Thread 15" [_thread_blocked, id=14376, stack(0x0000002a12400000,0x0000002a12500000)]
  0x000001e0f1d53000 JavaThread "Unconstrained build operations Thread 16" [_thread_blocked, id=4840, stack(0x0000002a12500000,0x0000002a12600000)]
  0x000001e0f1d4e000 JavaThread "Unconstrained build operations Thread 17" [_thread_blocked, id=15248, stack(0x0000002a12600000,0x0000002a12700000)]
  0x000001e0f1d59800 JavaThread "Unconstrained build operations Thread 18" [_thread_blocked, id=8724, stack(0x0000002a12700000,0x0000002a12800000)]
  0x000001e0f1d5a000 JavaThread "Unconstrained build operations Thread 19" [_thread_blocked, id=15628, stack(0x0000002a12800000,0x0000002a12900000)]
  0x000001e0f1d54800 JavaThread "Unconstrained build operations Thread 20" [_thread_blocked, id=11044, stack(0x0000002a12900000,0x0000002a12a00000)]
  0x000001e0f1d5b000 JavaThread "Unconstrained build operations Thread 21" [_thread_blocked, id=15636, stack(0x0000002a12a00000,0x0000002a12b00000)]
  0x000001e0f1d57000 JavaThread "Unconstrained build operations Thread 22" [_thread_blocked, id=14188, stack(0x0000002a12b00000,0x0000002a12c00000)]
  0x000001e0f1d55800 JavaThread "Unconstrained build operations Thread 23" [_thread_blocked, id=2520, stack(0x0000002a12c00000,0x0000002a12d00000)]
  0x000001e0f1d58000 JavaThread "Unconstrained build operations Thread 24" [_thread_blocked, id=10828, stack(0x0000002a12d00000,0x0000002a12e00000)]
  0x000001e0f1d5c000 JavaThread "Unconstrained build operations Thread 25" [_thread_blocked, id=596, stack(0x0000002a12e00000,0x0000002a12f00000)]
  0x000001e0f1d58800 JavaThread "Unconstrained build operations Thread 26" [_thread_blocked, id=16240, stack(0x0000002a12f00000,0x0000002a13000000)]
  0x000001e0f1d56000 JavaThread "Unconstrained build operations Thread 27" [_thread_blocked, id=12616, stack(0x0000002a13000000,0x0000002a13100000)]
  0x000001e0f3614800 JavaThread "Unconstrained build operations Thread 28" [_thread_blocked, id=15848, stack(0x0000002a13100000,0x0000002a13200000)]
  0x000001e0f3613800 JavaThread "Unconstrained build operations Thread 29" [_thread_blocked, id=15296, stack(0x0000002a13200000,0x0000002a13300000)]
  0x000001e0f3615000 JavaThread "Unconstrained build operations Thread 30" [_thread_blocked, id=8132, stack(0x0000002a13300000,0x0000002a13400000)]
  0x000001e0f3616000 JavaThread "Unconstrained build operations Thread 31" [_thread_blocked, id=9648, stack(0x0000002a13400000,0x0000002a13500000)]
  0x000001e0f3616800 JavaThread "Unconstrained build operations Thread 32" [_thread_blocked, id=11220, stack(0x0000002a13500000,0x0000002a13600000)]
  0x000001e0f3617800 JavaThread "Unconstrained build operations Thread 33" [_thread_blocked, id=2612, stack(0x0000002a13600000,0x0000002a13700000)]
  0x000001e0f3618800 JavaThread "Unconstrained build operations Thread 34" [_thread_blocked, id=2772, stack(0x0000002a13700000,0x0000002a13800000)]
  0x000001e0f3612800 JavaThread "Unconstrained build operations Thread 35" [_thread_blocked, id=14204, stack(0x0000002a13800000,0x0000002a13900000)]
  0x000001e0f361b800 JavaThread "Unconstrained build operations Thread 36" [_thread_blocked, id=15740, stack(0x0000002a13900000,0x0000002a13a00000)]
  0x000001e0f361e000 JavaThread "Unconstrained build operations Thread 37" [_thread_blocked, id=12008, stack(0x0000002a13a00000,0x0000002a13b00000)]
  0x000001e0f361d800 JavaThread "Unconstrained build operations Thread 38" [_thread_blocked, id=11336, stack(0x0000002a13b00000,0x0000002a13c00000)]
  0x000001e0f361b000 JavaThread "Unconstrained build operations Thread 39" [_thread_blocked, id=13316, stack(0x0000002a13c00000,0x0000002a13d00000)]
  0x000001e0f361f000 JavaThread "Unconstrained build operations Thread 40" [_thread_blocked, id=6968, stack(0x0000002a13d00000,0x0000002a13e00000)]
  0x000001e0f3619000 JavaThread "Memory manager" [_thread_blocked, id=924, stack(0x0000002a13f00000,0x0000002a14000000)]
  0x000001e0f361f800 JavaThread "Cache worker for kotlin-dsl (C:\Users\bilal.ahmad\.gradle\caches\7.5\kotlin-dsl)" [_thread_blocked, id=11552, stack(0x0000002a14000000,0x0000002a14100000)]
  0x000001e0f361a000 JavaThread "included builds" [_thread_blocked, id=7364, stack(0x0000002a14300000,0x0000002a14400000)]
  0x000001e0f3620800 JavaThread "Execution worker" [_thread_blocked, id=12508, stack(0x0000002a14400000,0x0000002a14500000)]
  0x000001e0f3621800 JavaThread "Execution worker Thread 2" [_thread_blocked, id=5384, stack(0x0000002a14500000,0x0000002a14600000)]
  0x000001e0f2341800 JavaThread "Execution worker Thread 3" [_thread_blocked, id=6644, stack(0x0000002a14600000,0x0000002a14700000)]
  0x000001e0f2342800 JavaThread "Cache worker for execution history cache (E:\vloo-frontend\android\.gradle\7.5\executionHistory)" [_thread_blocked, id=5972, stack(0x0000002a14700000,0x0000002a14800000)]
  0x000001e0f2345000 JavaThread "Exec process" [_thread_in_native, id=14276, stack(0x0000002a14800000,0x0000002a14900000)]
  0x000001e0f2343000 JavaThread "Exec process Thread 2" [_thread_in_native, id=10736, stack(0x0000002a14900000,0x0000002a14a00000)]
  0x000001e0f233f000 JavaThread "Exec process Thread 3" [_thread_in_native, id=14520, stack(0x0000002a14a00000,0x0000002a14b00000)]

Other Threads:
  0x000001e0ef5f6000 VMThread "VM Thread" [stack: 0x0000002a0ec00000,0x0000002a0ed00000] [id=5992]
  0x000001e0ef7f8000 WatcherThread [stack: 0x0000002a0f600000,0x0000002a0f700000] [id=15228]
  0x000001e0d647e000 GCTaskThread "GC Thread#0" [stack: 0x0000002a0e700000,0x0000002a0e800000] [id=12636]
  0x000001e0ef986800 GCTaskThread "GC Thread#1" [stack: 0x0000002a0f800000,0x0000002a0f900000] [id=11612]
  0x000001e0f0477800 GCTaskThread "GC Thread#2" [stack: 0x0000002a0f900000,0x0000002a0fa00000] [id=14064]
  0x000001e0f0478000 GCTaskThread "GC Thread#3" [stack: 0x0000002a0fa00000,0x0000002a0fb00000] [id=5284]
  0x000001e0d64a3000 ConcurrentGCThread "G1 Main Marker" [stack: 0x0000002a0e800000,0x0000002a0e900000] [id=10308]
  0x000001e0d64a4800 ConcurrentGCThread "G1 Conc#0" [stack: 0x0000002a0e900000,0x0000002a0ea00000] [id=2188]
  0x000001e0eec58800 ConcurrentGCThread "G1 Refine#0" [stack: 0x0000002a0ea00000,0x0000002a0eb00000] [id=10596]
  0x000001e0f3571000 ConcurrentGCThread "G1 Refine#1" [stack: 0x0000002a13e00000,0x0000002a13f00000] [id=4196]
  0x000001e0eec59800 ConcurrentGCThread "G1 Young RemSet Sampling" [stack: 0x0000002a0eb00000,0x0000002a0ec00000] [id=10320]

Threads with active compile tasks:
C2 CompilerThread0    47177 13430       4       org.gradle.internal.logging.text.AbstractLineChoppingStyledTextOutput::doAppend (43 bytes)

VM state:not at safepoint (normal execution)

VM Mutex/Monitor currently owned by a thread: None

Heap address: 0x00000000a0000000, size: 1536 MB, Compressed Oops mode: 32-bit
Narrow klass base: 0x0000000000000000, Narrow klass shift: 3
Compressed class space size: 1073741824 Address: 0x0000000100000000

Heap:
 garbage-first heap   total 262144K, used 143277K [0x00000000a0000000, 0x0000000100000000)
  region size 1024K, 9 young (9216K), 6 survivors (6144K)
 Metaspace       used 94956K, capacity 98566K, committed 98824K, reserved 1134592K
  class space    used 12352K, capacity 13563K, committed 13568K, reserved 1048576K
Heap Regions: E=young(eden), S=young(survivor), O=old, HS=humongous(starts), HC=humongous(continues), CS=collection set, F=free, A=archive, TAMS=top-at-mark-start (previous, next)
|   0|0x00000000a0000000, 0x00000000a0100000, 0x00000000a0100000|100%|HS|  |TAMS 0x00000000a0100000, 0x00000000a0000000| Complete 
|   1|0x00000000a0100000, 0x00000000a0200000, 0x00000000a0200000|100%|HC|  |TAMS 0x00000000a0200000, 0x00000000a0100000| Complete 
|   2|0x00000000a0200000, 0x00000000a0300000, 0x00000000a0300000|100%|HC|  |TAMS 0x00000000a0300000, 0x00000000a0200000| Complete 
|   3|0x00000000a0300000, 0x00000000a0400000, 0x00000000a0400000|100%| O|  |TAMS 0x00000000a0400000, 0x00000000a0300000| Untracked 
|   4|0x00000000a0400000, 0x00000000a0500000, 0x00000000a0500000|100%| O|  |TAMS 0x00000000a0500000, 0x00000000a0400000| Untracked 
|   5|0x00000000a0500000, 0x00000000a0600000, 0x00000000a0600000|100%| O|  |TAMS 0x00000000a0600000, 0x00000000a0500000| Untracked 
|   6|0x00000000a0600000, 0x00000000a0700000, 0x00000000a0700000|100%| O|  |TAMS 0x00000000a0700000, 0x00000000a0600000| Untracked 
|   7|0x00000000a0700000, 0x00000000a0800000, 0x00000000a0800000|100%| O|  |TAMS 0x00000000a0800000, 0x00000000a0700000| Untracked 
|   8|0x00000000a0800000, 0x00000000a0900000, 0x00000000a0900000|100%| O|  |TAMS 0x00000000a0900000, 0x00000000a0800000| Untracked 
|   9|0x00000000a0900000, 0x00000000a0a00000, 0x00000000a0a00000|100%| O|  |TAMS 0x00000000a0a00000, 0x00000000a0900000| Untracked 
|  10|0x00000000a0a00000, 0x00000000a0b00000, 0x00000000a0b00000|100%| O|  |TAMS 0x00000000a0b00000, 0x00000000a0a00000| Untracked 
|  11|0x00000000a0b00000, 0x00000000a0c00000, 0x00000000a0c00000|100%| O|  |TAMS 0x00000000a0c00000, 0x00000000a0b00000| Untracked 
|  12|0x00000000a0c00000, 0x00000000a0d00000, 0x00000000a0d00000|100%| O|  |TAMS 0x00000000a0d00000, 0x00000000a0c00000| Untracked 
|  13|0x00000000a0d00000, 0x00000000a0e00000, 0x00000000a0e00000|100%| O|  |TAMS 0x00000000a0e00000, 0x00000000a0d00000| Untracked 
|  14|0x00000000a0e00000, 0x00000000a0f00000, 0x00000000a0f00000|100%| O|  |TAMS 0x00000000a0f00000, 0x00000000a0e00000| Untracked 
|  15|0x00000000a0f00000, 0x00000000a1000000, 0x00000000a1000000|100%| O|  |TAMS 0x00000000a1000000, 0x00000000a0f00000| Untracked 
|  16|0x00000000a1000000, 0x00000000a1100000, 0x00000000a1100000|100%| O|  |TAMS 0x00000000a1100000, 0x00000000a1000000| Untracked 
|  17|0x00000000a1100000, 0x00000000a1200000, 0x00000000a1200000|100%|HS|  |TAMS 0x00000000a1200000, 0x00000000a1100000| Complete 
|  18|0x00000000a1200000, 0x00000000a1300000, 0x00000000a1300000|100%|HS|  |TAMS 0x00000000a1300000, 0x00000000a1200000| Complete 
|  19|0x00000000a1300000, 0x00000000a1400000, 0x00000000a1400000|100%|HS|  |TAMS 0x00000000a1400000, 0x00000000a1300000| Complete 
|  20|0x00000000a1400000, 0x00000000a1500000, 0x00000000a1500000|100%|HS|  |TAMS 0x00000000a1500000, 0x00000000a1400000| Complete 
|  21|0x00000000a1500000, 0x00000000a1600000, 0x00000000a1600000|100%|HC|  |TAMS 0x00000000a1600000, 0x00000000a1500000| Complete 
|  22|0x00000000a1600000, 0x00000000a1700000, 0x00000000a1700000|100%|HC|  |TAMS 0x00000000a1700000, 0x00000000a1600000| Complete 
|  23|0x00000000a1700000, 0x00000000a1800000, 0x00000000a1800000|100%|HS|  |TAMS 0x00000000a1800000, 0x00000000a1700000| Complete 
|  24|0x00000000a1800000, 0x00000000a1900000, 0x00000000a1900000|100%|HC|  |TAMS 0x00000000a1900000, 0x00000000a1800000| Complete 
|  25|0x00000000a1900000, 0x00000000a1a00000, 0x00000000a1a00000|100%| O|  |TAMS 0x00000000a1a00000, 0x00000000a1900000| Untracked 
|  26|0x00000000a1a00000, 0x00000000a1b00000, 0x00000000a1b00000|100%| O|  |TAMS 0x00000000a1b00000, 0x00000000a1a00000| Untracked 
|  27|0x00000000a1b00000, 0x00000000a1c00000, 0x00000000a1c00000|100%| O|  |TAMS 0x00000000a1c00000, 0x00000000a1b00000| Untracked 
|  28|0x00000000a1c00000, 0x00000000a1d00000, 0x00000000a1d00000|100%| O|  |TAMS 0x00000000a1d00000, 0x00000000a1c00000| Untracked 
|  29|0x00000000a1d00000, 0x00000000a1e00000, 0x00000000a1e00000|100%| O|  |TAMS 0x00000000a1e00000, 0x00000000a1d00000| Untracked 
|  30|0x00000000a1e00000, 0x00000000a1f00000, 0x00000000a1f00000|100%| O|  |TAMS 0x00000000a1f00000, 0x00000000a1e00000| Untracked 
|  31|0x00000000a1f00000, 0x00000000a2000000, 0x00000000a2000000|100%| O|  |TAMS 0x00000000a2000000, 0x00000000a1f00000| Untracked 
|  32|0x00000000a2000000, 0x00000000a2100000, 0x00000000a2100000|100%| O|  |TAMS 0x00000000a2100000, 0x00000000a2000000| Untracked 
|  33|0x00000000a2100000, 0x00000000a2200000, 0x00000000a2200000|100%| O|  |TAMS 0x00000000a2200000, 0x00000000a2100000| Untracked 
|  34|0x00000000a2200000, 0x00000000a2300000, 0x00000000a2300000|100%| O|  |TAMS 0x00000000a2300000, 0x00000000a2200000| Untracked 
|  35|0x00000000a2300000, 0x00000000a2400000, 0x00000000a2400000|100%| O|  |TAMS 0x00000000a2400000, 0x00000000a2300000| Untracked 
|  36|0x00000000a2400000, 0x00000000a2500000, 0x00000000a2500000|100%| O|  |TAMS 0x00000000a2500000, 0x00000000a2400000| Untracked 
|  37|0x00000000a2500000, 0x00000000a2600000, 0x00000000a2600000|100%| O|  |TAMS 0x00000000a2600000, 0x00000000a2500000| Untracked 
|  38|0x00000000a2600000, 0x00000000a2700000, 0x00000000a2700000|100%| O|  |TAMS 0x00000000a2700000, 0x00000000a2600000| Untracked 
|  39|0x00000000a2700000, 0x00000000a2800000, 0x00000000a2800000|100%| O|  |TAMS 0x00000000a2800000, 0x00000000a2700000| Untracked 
|  40|0x00000000a2800000, 0x00000000a2900000, 0x00000000a2900000|100%| O|  |TAMS 0x00000000a2900000, 0x00000000a2800000| Untracked 
|  41|0x00000000a2900000, 0x00000000a2a00000, 0x00000000a2a00000|100%| O|  |TAMS 0x00000000a2a00000, 0x00000000a2900000| Untracked 
|  42|0x00000000a2a00000, 0x00000000a2b00000, 0x00000000a2b00000|100%| O|  |TAMS 0x00000000a2b00000, 0x00000000a2a00000| Untracked 
|  43|0x00000000a2b00000, 0x00000000a2c00000, 0x00000000a2c00000|100%| O|  |TAMS 0x00000000a2c00000, 0x00000000a2b00000| Untracked 
|  44|0x00000000a2c00000, 0x00000000a2d00000, 0x00000000a2d00000|100%| O|  |TAMS 0x00000000a2d00000, 0x00000000a2c00000| Untracked 
|  45|0x00000000a2d00000, 0x00000000a2e00000, 0x00000000a2e00000|100%| O|  |TAMS 0x00000000a2e00000, 0x00000000a2d00000| Untracked 
|  46|0x00000000a2e00000, 0x00000000a2f00000, 0x00000000a2f00000|100%| O|  |TAMS 0x00000000a2f00000, 0x00000000a2e00000| Untracked 
|  47|0x00000000a2f00000, 0x00000000a3000000, 0x00000000a3000000|100%| O|  |TAMS 0x00000000a3000000, 0x00000000a2f00000| Untracked 
|  48|0x00000000a3000000, 0x00000000a3000000, 0x00000000a3100000|  0%| F|  |TAMS 0x00000000a3000000, 0x00000000a3000000| Untracked 
|  49|0x00000000a3100000, 0x00000000a3200000, 0x00000000a3200000|100%| O|  |TAMS 0x00000000a3200000, 0x00000000a3100000| Untracked 
|  50|0x00000000a3200000, 0x00000000a3300000, 0x00000000a3300000|100%|HS|  |TAMS 0x00000000a3300000, 0x00000000a3200000| Complete 
|  51|0x00000000a3300000, 0x00000000a3400000, 0x00000000a3400000|100%|HS|  |TAMS 0x00000000a3400000, 0x00000000a3300000| Complete 
|  52|0x00000000a3400000, 0x00000000a3500000, 0x00000000a3500000|100%| O|  |TAMS 0x00000000a3500000, 0x00000000a3400000| Untracked 
|  53|0x00000000a3500000, 0x00000000a3600000, 0x00000000a3600000|100%| O|  |TAMS 0x00000000a3600000, 0x00000000a3500000| Untracked 
|  54|0x00000000a3600000, 0x00000000a3700000, 0x00000000a3700000|100%| O|  |TAMS 0x00000000a3700000, 0x00000000a3600000| Untracked 
|  55|0x00000000a3700000, 0x00000000a3800000, 0x00000000a3800000|100%| O|  |TAMS 0x00000000a3800000, 0x00000000a3700000| Untracked 
|  56|0x00000000a3800000, 0x00000000a3900000, 0x00000000a3900000|100%| O|  |TAMS 0x00000000a3900000, 0x00000000a3800000| Untracked 
|  57|0x00000000a3900000, 0x00000000a3a00000, 0x00000000a3a00000|100%| O|  |TAMS 0x00000000a3a00000, 0x00000000a3900000| Untracked 
|  58|0x00000000a3a00000, 0x00000000a3b00000, 0x00000000a3b00000|100%| O|  |TAMS 0x00000000a3b00000, 0x00000000a3a00000| Untracked 
|  59|0x00000000a3b00000, 0x00000000a3c00000, 0x00000000a3c00000|100%| O|  |TAMS 0x00000000a3c00000, 0x00000000a3b00000| Untracked 
|  60|0x00000000a3c00000, 0x00000000a3d00000, 0x00000000a3d00000|100%| O|  |TAMS 0x00000000a3d00000, 0x00000000a3c00000| Untracked 
|  61|0x00000000a3d00000, 0x00000000a3e00000, 0x00000000a3e00000|100%| O|  |TAMS 0x00000000a3e00000, 0x00000000a3d00000| Untracked 
|  62|0x00000000a3e00000, 0x00000000a3f00000, 0x00000000a3f00000|100%| O|  |TAMS 0x00000000a3f00000, 0x00000000a3e00000| Untracked 
|  63|0x00000000a3f00000, 0x00000000a4000000, 0x00000000a4000000|100%| O|  |TAMS 0x00000000a4000000, 0x00000000a3f00000| Untracked 
|  64|0x00000000a4000000, 0x00000000a4100000, 0x00000000a4100000|100%| O|  |TAMS 0x00000000a4100000, 0x00000000a4000000| Untracked 
|  65|0x00000000a4100000, 0x00000000a4200000, 0x00000000a4200000|100%| O|  |TAMS 0x00000000a4200000, 0x00000000a4100000| Untracked 
|  66|0x00000000a4200000, 0x00000000a4300000, 0x00000000a4300000|100%| O|  |TAMS 0x00000000a4300000, 0x00000000a4200000| Untracked 
|  67|0x00000000a4300000, 0x00000000a4400000, 0x00000000a4400000|100%| O|  |TAMS 0x00000000a4400000, 0x00000000a4300000| Untracked 
|  68|0x00000000a4400000, 0x00000000a4500000, 0x00000000a4500000|100%| O|  |TAMS 0x00000000a4500000, 0x00000000a4400000| Untracked 
|  69|0x00000000a4500000, 0x00000000a4600000, 0x00000000a4600000|100%| O|  |TAMS 0x00000000a4600000, 0x00000000a4500000| Untracked 
|  70|0x00000000a4600000, 0x00000000a4700000, 0x00000000a4700000|100%| O|  |TAMS 0x00000000a4700000, 0x00000000a4600000| Untracked 
|  71|0x00000000a4700000, 0x00000000a4800000, 0x00000000a4800000|100%|HS|  |TAMS 0x00000000a4800000, 0x00000000a4700000| Complete 
|  72|0x00000000a4800000, 0x00000000a4900000, 0x00000000a4900000|100%|HS|  |TAMS 0x00000000a4900000, 0x00000000a4800000| Complete 
|  73|0x00000000a4900000, 0x00000000a4a00000, 0x00000000a4a00000|100%|HS|  |TAMS 0x00000000a4a00000, 0x00000000a4900000| Complete 
|  74|0x00000000a4a00000, 0x00000000a4b00000, 0x00000000a4b00000|100%| O|  |TAMS 0x00000000a4b00000, 0x00000000a4a00000| Untracked 
|  75|0x00000000a4b00000, 0x00000000a4c00000, 0x00000000a4c00000|100%| O|  |TAMS 0x00000000a4c00000, 0x00000000a4b00000| Untracked 
|  76|0x00000000a4c00000, 0x00000000a4d00000, 0x00000000a4d00000|100%| O|  |TAMS 0x00000000a4d00000, 0x00000000a4c00000| Untracked 
|  77|0x00000000a4d00000, 0x00000000a4e00000, 0x00000000a4e00000|100%| O|  |TAMS 0x00000000a4e00000, 0x00000000a4d00000| Untracked 
|  78|0x00000000a4e00000, 0x00000000a4f00000, 0x00000000a4f00000|100%| O|  |TAMS 0x00000000a4f00000, 0x00000000a4e00000| Untracked 
|  79|0x00000000a4f00000, 0x00000000a5000000, 0x00000000a5000000|100%| O|  |TAMS 0x00000000a5000000, 0x00000000a4f00000| Untracked 
|  80|0x00000000a5000000, 0x00000000a5100000, 0x00000000a5100000|100%| O|  |TAMS 0x00000000a5100000, 0x00000000a5000000| Untracked 
|  81|0x00000000a5100000, 0x00000000a5200000, 0x00000000a5200000|100%| O|  |TAMS 0x00000000a5200000, 0x00000000a5100000| Untracked 
|  82|0x00000000a5200000, 0x00000000a5300000, 0x00000000a5300000|100%| O|  |TAMS 0x00000000a5300000, 0x00000000a5200000| Untracked 
|  83|0x00000000a5300000, 0x00000000a5400000, 0x00000000a5400000|100%| O|  |TAMS 0x00000000a5400000, 0x00000000a5300000| Untracked 
|  84|0x00000000a5400000, 0x00000000a5500000, 0x00000000a5500000|100%| O|  |TAMS 0x00000000a5500000, 0x00000000a5400000| Untracked 
|  85|0x00000000a5500000, 0x00000000a5600000, 0x00000000a5600000|100%| O|  |TAMS 0x00000000a5600000, 0x00000000a5500000| Untracked 
|  86|0x00000000a5600000, 0x00000000a5700000, 0x00000000a5700000|100%| O|  |TAMS 0x00000000a5700000, 0x00000000a5600000| Untracked 
|  87|0x00000000a5700000, 0x00000000a5800000, 0x00000000a5800000|100%| O|  |TAMS 0x00000000a5800000, 0x00000000a5700000| Untracked 
|  88|0x00000000a5800000, 0x00000000a5900000, 0x00000000a5900000|100%| O|  |TAMS 0x00000000a5900000, 0x00000000a5800000| Untracked 
|  89|0x00000000a5900000, 0x00000000a5a00000, 0x00000000a5a00000|100%| O|  |TAMS 0x00000000a5a00000, 0x00000000a5900000| Untracked 
|  90|0x00000000a5a00000, 0x00000000a5b00000, 0x00000000a5b00000|100%| O|  |TAMS 0x00000000a5b00000, 0x00000000a5a00000| Untracked 
|  91|0x00000000a5b00000, 0x00000000a5c00000, 0x00000000a5c00000|100%| O|  |TAMS 0x00000000a5c00000, 0x00000000a5b00000| Untracked 
|  92|0x00000000a5c00000, 0x00000000a5d00000, 0x00000000a5d00000|100%| O|  |TAMS 0x00000000a5d00000, 0x00000000a5c00000| Untracked 
|  93|0x00000000a5d00000, 0x00000000a5e00000, 0x00000000a5e00000|100%| O|  |TAMS 0x00000000a5e00000, 0x00000000a5d00000| Untracked 
|  94|0x00000000a5e00000, 0x00000000a5f00000, 0x00000000a5f00000|100%| O|  |TAMS 0x00000000a5f00000, 0x00000000a5e00000| Untracked 
|  95|0x00000000a5f00000, 0x00000000a6000000, 0x00000000a6000000|100%| O|  |TAMS 0x00000000a6000000, 0x00000000a5f00000| Untracked 
|  96|0x00000000a6000000, 0x00000000a6100000, 0x00000000a6100000|100%| O|  |TAMS 0x00000000a6100000, 0x00000000a6000000| Untracked 
|  97|0x00000000a6100000, 0x00000000a6200000, 0x00000000a6200000|100%| O|  |TAMS 0x00000000a6200000, 0x00000000a6100000| Untracked 
|  98|0x00000000a6200000, 0x00000000a6300000, 0x00000000a6300000|100%| O|  |TAMS 0x00000000a6300000, 0x00000000a6200000| Untracked 
|  99|0x00000000a6300000, 0x00000000a6400000, 0x00000000a6400000|100%| O|  |TAMS 0x00000000a6400000, 0x00000000a6300000| Untracked 
| 100|0x00000000a6400000, 0x00000000a6500000, 0x00000000a6500000|100%| O|  |TAMS 0x00000000a6500000, 0x00000000a6400000| Untracked 
| 101|0x00000000a6500000, 0x00000000a6600000, 0x00000000a6600000|100%| O|  |TAMS 0x00000000a6600000, 0x00000000a6500000| Untracked 
| 102|0x00000000a6600000, 0x00000000a6700000, 0x00000000a6700000|100%| O|  |TAMS 0x00000000a6700000, 0x00000000a6600000| Untracked 
| 103|0x00000000a6700000, 0x00000000a6800000, 0x00000000a6800000|100%| O|  |TAMS 0x00000000a6800000, 0x00000000a6700000| Untracked 
| 104|0x00000000a6800000, 0x00000000a6900000, 0x00000000a6900000|100%| O|  |TAMS 0x00000000a6900000, 0x00000000a6800000| Untracked 
| 105|0x00000000a6900000, 0x00000000a6a00000, 0x00000000a6a00000|100%| O|  |TAMS 0x00000000a6a00000, 0x00000000a6900000| Untracked 
| 106|0x00000000a6a00000, 0x00000000a6b00000, 0x00000000a6b00000|100%| O|  |TAMS 0x00000000a6b00000, 0x00000000a6a00000| Untracked 
| 107|0x00000000a6b00000, 0x00000000a6c00000, 0x00000000a6c00000|100%| O|  |TAMS 0x00000000a6c00000, 0x00000000a6b00000| Untracked 
| 108|0x00000000a6c00000, 0x00000000a6d00000, 0x00000000a6d00000|100%| O|  |TAMS 0x00000000a6d00000, 0x00000000a6c00000| Untracked 
| 109|0x00000000a6d00000, 0x00000000a6e00000, 0x00000000a6e00000|100%| O|  |TAMS 0x00000000a6e00000, 0x00000000a6d00000| Untracked 
| 110|0x00000000a6e00000, 0x00000000a6f00000, 0x00000000a6f00000|100%| O|  |TAMS 0x00000000a6f00000, 0x00000000a6e00000| Untracked 
| 111|0x00000000a6f00000, 0x00000000a7000000, 0x00000000a7000000|100%| O|  |TAMS 0x00000000a7000000, 0x00000000a6f00000| Untracked 
| 112|0x00000000a7000000, 0x00000000a7100000, 0x00000000a7100000|100%| O|  |TAMS 0x00000000a7100000, 0x00000000a7000000| Untracked 
| 113|0x00000000a7100000, 0x00000000a7200000, 0x00000000a7200000|100%| O|  |TAMS 0x00000000a7200000, 0x00000000a7100000| Untracked 
| 114|0x00000000a7200000, 0x00000000a7300000, 0x00000000a7300000|100%| O|  |TAMS 0x00000000a7300000, 0x00000000a7200000| Untracked 
| 115|0x00000000a7300000, 0x00000000a7400000, 0x00000000a7400000|100%| O|  |TAMS 0x00000000a7400000, 0x00000000a7300000| Untracked 
| 116|0x00000000a7400000, 0x00000000a7500000, 0x00000000a7500000|100%| O|  |TAMS 0x00000000a7500000, 0x00000000a7400000| Untracked 
| 117|0x00000000a7500000, 0x00000000a7600000, 0x00000000a7600000|100%| O|  |TAMS 0x00000000a7600000, 0x00000000a7500000| Untracked 
| 118|0x00000000a7600000, 0x00000000a7700000, 0x00000000a7700000|100%| O|  |TAMS 0x00000000a7700000, 0x00000000a7600000| Untracked 
| 119|0x00000000a7700000, 0x00000000a7800000, 0x00000000a7800000|100%| O|  |TAMS 0x00000000a7800000, 0x00000000a7700000| Untracked 
| 120|0x00000000a7800000, 0x00000000a7900000, 0x00000000a7900000|100%| O|  |TAMS 0x00000000a7900000, 0x00000000a7800000| Untracked 
| 121|0x00000000a7900000, 0x00000000a7a00000, 0x00000000a7a00000|100%| O|  |TAMS 0x00000000a7a00000, 0x00000000a7900000| Untracked 
| 122|0x00000000a7a00000, 0x00000000a7b00000, 0x00000000a7b00000|100%| O|  |TAMS 0x00000000a7b00000, 0x00000000a7a00000| Untracked 
| 123|0x00000000a7b00000, 0x00000000a7c00000, 0x00000000a7c00000|100%| O|  |TAMS 0x00000000a7c00000, 0x00000000a7b00000| Untracked 
| 124|0x00000000a7c00000, 0x00000000a7d00000, 0x00000000a7d00000|100%| O|  |TAMS 0x00000000a7d00000, 0x00000000a7c00000| Untracked 
| 125|0x00000000a7d00000, 0x00000000a7e00000, 0x00000000a7e00000|100%| O|  |TAMS 0x00000000a7e00000, 0x00000000a7d00000| Untracked 
| 126|0x00000000a7e00000, 0x00000000a7f00000, 0x00000000a7f00000|100%| O|  |TAMS 0x00000000a7f00000, 0x00000000a7e00000| Untracked 
| 127|0x00000000a7f00000, 0x00000000a8000000, 0x00000000a8000000|100%| O|  |TAMS 0x00000000a8000000, 0x00000000a7f00000| Untracked 
| 128|0x00000000a8000000, 0x00000000a8100000, 0x00000000a8100000|100%| O|  |TAMS 0x00000000a80ca200, 0x00000000a8000000| Untracked 
| 129|0x00000000a8100000, 0x00000000a8100000, 0x00000000a8200000|  0%| F|  |TAMS 0x00000000a8100000, 0x00000000a8100000| Untracked 
| 130|0x00000000a8200000, 0x00000000a8200000, 0x00000000a8300000|  0%| F|  |TAMS 0x00000000a8200000, 0x00000000a8200000| Untracked 
| 131|0x00000000a8300000, 0x00000000a8400000, 0x00000000a8400000|100%| O|  |TAMS 0x00000000a8300000, 0x00000000a8300000| Untracked 
| 132|0x00000000a8400000, 0x00000000a8500000, 0x00000000a8500000|100%| O|  |TAMS 0x00000000a8400000, 0x00000000a8400000| Untracked 
| 133|0x00000000a8500000, 0x00000000a8600000, 0x00000000a8600000|100%| O|  |TAMS 0x00000000a8500000, 0x00000000a8500000| Untracked 
| 134|0x00000000a8600000, 0x00000000a8700000, 0x00000000a8700000|100%| O|  |TAMS 0x00000000a8600000, 0x00000000a8600000| Untracked 
| 135|0x00000000a8700000, 0x00000000a87b4600, 0x00000000a8800000| 70%| O|  |TAMS 0x00000000a8700000, 0x00000000a8700000| Untracked 
| 136|0x00000000a8800000, 0x00000000a8800000, 0x00000000a8900000|  0%| F|  |TAMS 0x00000000a8800000, 0x00000000a8800000| Untracked 
| 137|0x00000000a8900000, 0x00000000a8900000, 0x00000000a8a00000|  0%| F|  |TAMS 0x00000000a8900000, 0x00000000a8900000| Untracked 
| 138|0x00000000a8a00000, 0x00000000a8a00000, 0x00000000a8b00000|  0%| F|  |TAMS 0x00000000a8a00000, 0x00000000a8a00000| Untracked 
| 139|0x00000000a8b00000, 0x00000000a8b00000, 0x00000000a8c00000|  0%| F|  |TAMS 0x00000000a8b00000, 0x00000000a8b00000| Untracked 
| 140|0x00000000a8c00000, 0x00000000a8c00000, 0x00000000a8d00000|  0%| F|  |TAMS 0x00000000a8c00000, 0x00000000a8c00000| Untracked 
| 141|0x00000000a8d00000, 0x00000000a8d00000, 0x00000000a8e00000|  0%| F|  |TAMS 0x00000000a8d00000, 0x00000000a8d00000| Untracked 
| 142|0x00000000a8e00000, 0x00000000a8e00000, 0x00000000a8f00000|  0%| F|  |TAMS 0x00000000a8e00000, 0x00000000a8e00000| Untracked 
| 143|0x00000000a8f00000, 0x00000000a8f00000, 0x00000000a9000000|  0%| F|  |TAMS 0x00000000a8f00000, 0x00000000a8f00000| Untracked 
| 144|0x00000000a9000000, 0x00000000a9000000, 0x00000000a9100000|  0%| F|  |TAMS 0x00000000a9000000, 0x00000000a9000000| Untracked 
| 145|0x00000000a9100000, 0x00000000a9100000, 0x00000000a9200000|  0%| F|  |TAMS 0x00000000a9100000, 0x00000000a9100000| Untracked 
| 146|0x00000000a9200000, 0x00000000a9200000, 0x00000000a9300000|  0%| F|  |TAMS 0x00000000a9200000, 0x00000000a9200000| Untracked 
| 147|0x00000000a9300000, 0x00000000a9300000, 0x00000000a9400000|  0%| F|  |TAMS 0x00000000a9300000, 0x00000000a9300000| Untracked 
| 148|0x00000000a9400000, 0x00000000a9400000, 0x00000000a9500000|  0%| F|  |TAMS 0x00000000a9400000, 0x00000000a9400000| Untracked 
| 149|0x00000000a9500000, 0x00000000a9500000, 0x00000000a9600000|  0%| F|  |TAMS 0x00000000a9500000, 0x00000000a9500000| Untracked 
| 150|0x00000000a9600000, 0x00000000a9600000, 0x00000000a9700000|  0%| F|  |TAMS 0x00000000a9600000, 0x00000000a9600000| Untracked 
| 151|0x00000000a9700000, 0x00000000a9700000, 0x00000000a9800000|  0%| F|  |TAMS 0x00000000a9700000, 0x00000000a9700000| Untracked 
| 152|0x00000000a9800000, 0x00000000a9800000, 0x00000000a9900000|  0%| F|  |TAMS 0x00000000a9800000, 0x00000000a9800000| Untracked 
| 153|0x00000000a9900000, 0x00000000a9900000, 0x00000000a9a00000|  0%| F|  |TAMS 0x00000000a9900000, 0x00000000a9900000| Untracked 
| 154|0x00000000a9a00000, 0x00000000a9a00000, 0x00000000a9b00000|  0%| F|  |TAMS 0x00000000a9a00000, 0x00000000a9a00000| Untracked 
| 155|0x00000000a9b00000, 0x00000000a9b00000, 0x00000000a9c00000|  0%| F|  |TAMS 0x00000000a9b00000, 0x00000000a9b00000| Untracked 
| 156|0x00000000a9c00000, 0x00000000a9c00000, 0x00000000a9d00000|  0%| F|  |TAMS 0x00000000a9c00000, 0x00000000a9c00000| Untracked 
| 157|0x00000000a9d00000, 0x00000000a9d00000, 0x00000000a9e00000|  0%| F|  |TAMS 0x00000000a9d00000, 0x00000000a9d00000| Untracked 
| 158|0x00000000a9e00000, 0x00000000a9e00000, 0x00000000a9f00000|  0%| F|  |TAMS 0x00000000a9e00000, 0x00000000a9e00000| Untracked 
| 159|0x00000000a9f00000, 0x00000000a9f00000, 0x00000000aa000000|  0%| F|  |TAMS 0x00000000a9f00000, 0x00000000a9f00000| Untracked 
| 160|0x00000000aa000000, 0x00000000aa000000, 0x00000000aa100000|  0%| F|  |TAMS 0x00000000aa000000, 0x00000000aa000000| Untracked 
| 161|0x00000000aa100000, 0x00000000aa100000, 0x00000000aa200000|  0%| F|  |TAMS 0x00000000aa100000, 0x00000000aa100000| Untracked 
| 162|0x00000000aa200000, 0x00000000aa200000, 0x00000000aa300000|  0%| F|  |TAMS 0x00000000aa200000, 0x00000000aa200000| Untracked 
| 163|0x00000000aa300000, 0x00000000aa300000, 0x00000000aa400000|  0%| F|  |TAMS 0x00000000aa300000, 0x00000000aa300000| Untracked 
| 164|0x00000000aa400000, 0x00000000aa437178, 0x00000000aa500000| 21%| S|CS|TAMS 0x00000000aa400000, 0x00000000aa400000| Complete 
| 165|0x00000000aa500000, 0x00000000aa600000, 0x00000000aa600000|100%| S|CS|TAMS 0x00000000aa500000, 0x00000000aa500000| Complete 
| 166|0x00000000aa600000, 0x00000000aa700000, 0x00000000aa700000|100%| S|CS|TAMS 0x00000000aa600000, 0x00000000aa600000| Complete 
| 167|0x00000000aa700000, 0x00000000aa800000, 0x00000000aa800000|100%| S|CS|TAMS 0x00000000aa700000, 0x00000000aa700000| Complete 
| 168|0x00000000aa800000, 0x00000000aa900000, 0x00000000aa900000|100%| S|CS|TAMS 0x00000000aa800000, 0x00000000aa800000| Complete 
| 169|0x00000000aa900000, 0x00000000aaa00000, 0x00000000aaa00000|100%| S|CS|TAMS 0x00000000aa900000, 0x00000000aa900000| Complete 
| 170|0x00000000aaa00000, 0x00000000aaa00000, 0x00000000aab00000|  0%| F|  |TAMS 0x00000000aaa00000, 0x00000000aaa00000| Untracked 
| 171|0x00000000aab00000, 0x00000000aab00000, 0x00000000aac00000|  0%| F|  |TAMS 0x00000000aab00000, 0x00000000aab00000| Untracked 
| 172|0x00000000aac00000, 0x00000000aac00000, 0x00000000aad00000|  0%| F|  |TAMS 0x00000000aac00000, 0x00000000aac00000| Untracked 
| 173|0x00000000aad00000, 0x00000000aad00000, 0x00000000aae00000|  0%| F|  |TAMS 0x00000000aad00000, 0x00000000aad00000| Untracked 
| 174|0x00000000aae00000, 0x00000000aae00000, 0x00000000aaf00000|  0%| F|  |TAMS 0x00000000aae00000, 0x00000000aae00000| Untracked 
| 175|0x00000000aaf00000, 0x00000000aaf00000, 0x00000000ab000000|  0%| F|  |TAMS 0x00000000aaf00000, 0x00000000aaf00000| Untracked 
| 176|0x00000000ab000000, 0x00000000ab000000, 0x00000000ab100000|  0%| F|  |TAMS 0x00000000ab000000, 0x00000000ab000000| Untracked 
| 177|0x00000000ab100000, 0x00000000ab100000, 0x00000000ab200000|  0%| F|  |TAMS 0x00000000ab100000, 0x00000000ab100000| Untracked 
| 178|0x00000000ab200000, 0x00000000ab200000, 0x00000000ab300000|  0%| F|  |TAMS 0x00000000ab200000, 0x00000000ab200000| Untracked 
| 179|0x00000000ab300000, 0x00000000ab300000, 0x00000000ab400000|  0%| F|  |TAMS 0x00000000ab300000, 0x00000000ab300000| Untracked 
| 180|0x00000000ab400000, 0x00000000ab400000, 0x00000000ab500000|  0%| F|  |TAMS 0x00000000ab400000, 0x00000000ab400000| Untracked 
| 181|0x00000000ab500000, 0x00000000ab500000, 0x00000000ab600000|  0%| F|  |TAMS 0x00000000ab500000, 0x00000000ab500000| Untracked 
| 182|0x00000000ab600000, 0x00000000ab600000, 0x00000000ab700000|  0%| F|  |TAMS 0x00000000ab600000, 0x00000000ab600000| Untracked 
| 183|0x00000000ab700000, 0x00000000ab700000, 0x00000000ab800000|  0%| F|  |TAMS 0x00000000ab700000, 0x00000000ab700000| Untracked 
| 184|0x00000000ab800000, 0x00000000ab800000, 0x00000000ab900000|  0%| F|  |TAMS 0x00000000ab800000, 0x00000000ab800000| Untracked 
| 185|0x00000000ab900000, 0x00000000ab900000, 0x00000000aba00000|  0%| F|  |TAMS 0x00000000ab900000, 0x00000000ab900000| Untracked 
| 186|0x00000000aba00000, 0x00000000aba00000, 0x00000000abb00000|  0%| F|  |TAMS 0x00000000aba00000, 0x00000000aba00000| Untracked 
| 187|0x00000000abb00000, 0x00000000abb00000, 0x00000000abc00000|  0%| F|  |TAMS 0x00000000abb00000, 0x00000000abb00000| Untracked 
| 188|0x00000000abc00000, 0x00000000abc00000, 0x00000000abd00000|  0%| F|  |TAMS 0x00000000abc00000, 0x00000000abc00000| Untracked 
| 189|0x00000000abd00000, 0x00000000abd00000, 0x00000000abe00000|  0%| F|  |TAMS 0x00000000abd00000, 0x00000000abd00000| Untracked 
| 190|0x00000000abe00000, 0x00000000abe00000, 0x00000000abf00000|  0%| F|  |TAMS 0x00000000abe00000, 0x00000000abe00000| Untracked 
| 191|0x00000000abf00000, 0x00000000abf00000, 0x00000000ac000000|  0%| F|  |TAMS 0x00000000abf00000, 0x00000000abf00000| Untracked 
| 192|0x00000000ac000000, 0x00000000ac000000, 0x00000000ac100000|  0%| F|  |TAMS 0x00000000ac000000, 0x00000000ac000000| Untracked 
| 193|0x00000000ac100000, 0x00000000ac100000, 0x00000000ac200000|  0%| F|  |TAMS 0x00000000ac100000, 0x00000000ac100000| Untracked 
| 194|0x00000000ac200000, 0x00000000ac200000, 0x00000000ac300000|  0%| F|  |TAMS 0x00000000ac200000, 0x00000000ac200000| Untracked 
| 195|0x00000000ac300000, 0x00000000ac300000, 0x00000000ac400000|  0%| F|  |TAMS 0x00000000ac300000, 0x00000000ac300000| Untracked 
| 196|0x00000000ac400000, 0x00000000ac400000, 0x00000000ac500000|  0%| F|  |TAMS 0x00000000ac400000, 0x00000000ac400000| Untracked 
| 197|0x00000000ac500000, 0x00000000ac500000, 0x00000000ac600000|  0%| F|  |TAMS 0x00000000ac500000, 0x00000000ac500000| Untracked 
| 198|0x00000000ac600000, 0x00000000ac600000, 0x00000000ac700000|  0%| F|  |TAMS 0x00000000ac600000, 0x00000000ac600000| Untracked 
| 199|0x00000000ac700000, 0x00000000ac700000, 0x00000000ac800000|  0%| F|  |TAMS 0x00000000ac700000, 0x00000000ac700000| Untracked 
| 200|0x00000000ac800000, 0x00000000ac800000, 0x00000000ac900000|  0%| F|  |TAMS 0x00000000ac800000, 0x00000000ac800000| Untracked 
| 201|0x00000000ac900000, 0x00000000ac900000, 0x00000000aca00000|  0%| F|  |TAMS 0x00000000ac900000, 0x00000000ac900000| Untracked 
| 202|0x00000000aca00000, 0x00000000aca00000, 0x00000000acb00000|  0%| F|  |TAMS 0x00000000aca00000, 0x00000000aca00000| Untracked 
| 203|0x00000000acb00000, 0x00000000acb00000, 0x00000000acc00000|  0%| F|  |TAMS 0x00000000acb00000, 0x00000000acb00000| Untracked 
| 204|0x00000000acc00000, 0x00000000acc00000, 0x00000000acd00000|  0%| F|  |TAMS 0x00000000acc00000, 0x00000000acc00000| Untracked 
| 205|0x00000000acd00000, 0x00000000acd00000, 0x00000000ace00000|  0%| F|  |TAMS 0x00000000acd00000, 0x00000000acd00000| Untracked 
| 206|0x00000000ace00000, 0x00000000ace00000, 0x00000000acf00000|  0%| F|  |TAMS 0x00000000ace00000, 0x00000000ace00000| Untracked 
| 207|0x00000000acf00000, 0x00000000acf00000, 0x00000000ad000000|  0%| F|  |TAMS 0x00000000acf00000, 0x00000000acf00000| Untracked 
| 208|0x00000000ad000000, 0x00000000ad000000, 0x00000000ad100000|  0%| F|  |TAMS 0x00000000ad000000, 0x00000000ad000000| Untracked 
| 209|0x00000000ad100000, 0x00000000ad100000, 0x00000000ad200000|  0%| F|  |TAMS 0x00000000ad100000, 0x00000000ad100000| Untracked 
| 210|0x00000000ad200000, 0x00000000ad200000, 0x00000000ad300000|  0%| F|  |TAMS 0x00000000ad200000, 0x00000000ad200000| Untracked 
| 211|0x00000000ad300000, 0x00000000ad300000, 0x00000000ad400000|  0%| F|  |TAMS 0x00000000ad300000, 0x00000000ad300000| Untracked 
| 212|0x00000000ad400000, 0x00000000ad400000, 0x00000000ad500000|  0%| F|  |TAMS 0x00000000ad400000, 0x00000000ad400000| Untracked 
| 213|0x00000000ad500000, 0x00000000ad500000, 0x00000000ad600000|  0%| F|  |TAMS 0x00000000ad500000, 0x00000000ad500000| Untracked 
| 214|0x00000000ad600000, 0x00000000ad600000, 0x00000000ad700000|  0%| F|  |TAMS 0x00000000ad600000, 0x00000000ad600000| Untracked 
| 215|0x00000000ad700000, 0x00000000ad700000, 0x00000000ad800000|  0%| F|  |TAMS 0x00000000ad700000, 0x00000000ad700000| Untracked 
| 216|0x00000000ad800000, 0x00000000ad800000, 0x00000000ad900000|  0%| F|  |TAMS 0x00000000ad800000, 0x00000000ad800000| Untracked 
| 217|0x00000000ad900000, 0x00000000ad900000, 0x00000000ada00000|  0%| F|  |TAMS 0x00000000ad900000, 0x00000000ad900000| Untracked 
| 218|0x00000000ada00000, 0x00000000ada00000, 0x00000000adb00000|  0%| F|  |TAMS 0x00000000ada00000, 0x00000000ada00000| Untracked 
| 219|0x00000000adb00000, 0x00000000adb00000, 0x00000000adc00000|  0%| F|  |TAMS 0x00000000adb00000, 0x00000000adb00000| Untracked 
| 220|0x00000000adc00000, 0x00000000adc00000, 0x00000000add00000|  0%| F|  |TAMS 0x00000000adc00000, 0x00000000adc00000| Untracked 
| 221|0x00000000add00000, 0x00000000add00000, 0x00000000ade00000|  0%| F|  |TAMS 0x00000000add00000, 0x00000000add00000| Untracked 
| 222|0x00000000ade00000, 0x00000000ade00000, 0x00000000adf00000|  0%| F|  |TAMS 0x00000000ade00000, 0x00000000ade00000| Untracked 
| 223|0x00000000adf00000, 0x00000000adf00000, 0x00000000ae000000|  0%| F|  |TAMS 0x00000000adf00000, 0x00000000adf00000| Untracked 
| 224|0x00000000ae000000, 0x00000000ae000000, 0x00000000ae100000|  0%| F|  |TAMS 0x00000000ae000000, 0x00000000ae000000| Untracked 
| 225|0x00000000ae100000, 0x00000000ae100000, 0x00000000ae200000|  0%| F|  |TAMS 0x00000000ae100000, 0x00000000ae100000| Untracked 
| 226|0x00000000ae200000, 0x00000000ae200000, 0x00000000ae300000|  0%| F|  |TAMS 0x00000000ae200000, 0x00000000ae200000| Untracked 
| 227|0x00000000ae300000, 0x00000000ae300000, 0x00000000ae400000|  0%| F|  |TAMS 0x00000000ae300000, 0x00000000ae300000| Untracked 
| 228|0x00000000ae400000, 0x00000000ae400000, 0x00000000ae500000|  0%| F|  |TAMS 0x00000000ae400000, 0x00000000ae400000| Untracked 
| 229|0x00000000ae500000, 0x00000000ae500000, 0x00000000ae600000|  0%| F|  |TAMS 0x00000000ae500000, 0x00000000ae500000| Untracked 
| 230|0x00000000ae600000, 0x00000000ae600000, 0x00000000ae700000|  0%| F|  |TAMS 0x00000000ae600000, 0x00000000ae600000| Untracked 
| 231|0x00000000ae700000, 0x00000000ae700000, 0x00000000ae800000|  0%| F|  |TAMS 0x00000000ae700000, 0x00000000ae700000| Untracked 
| 232|0x00000000ae800000, 0x00000000ae800000, 0x00000000ae900000|  0%| F|  |TAMS 0x00000000ae800000, 0x00000000ae800000| Untracked 
| 233|0x00000000ae900000, 0x00000000ae900000, 0x00000000aea00000|  0%| F|  |TAMS 0x00000000ae900000, 0x00000000ae900000| Untracked 
| 234|0x00000000aea00000, 0x00000000aea00000, 0x00000000aeb00000|  0%| F|  |TAMS 0x00000000aea00000, 0x00000000aea00000| Untracked 
| 235|0x00000000aeb00000, 0x00000000aeb00000, 0x00000000aec00000|  0%| F|  |TAMS 0x00000000aeb00000, 0x00000000aeb00000| Untracked 
| 236|0x00000000aec00000, 0x00000000aec00000, 0x00000000aed00000|  0%| F|  |TAMS 0x00000000aec00000, 0x00000000aec00000| Untracked 
| 237|0x00000000aed00000, 0x00000000aed00000, 0x00000000aee00000|  0%| F|  |TAMS 0x00000000aed00000, 0x00000000aed00000| Untracked 
| 238|0x00000000aee00000, 0x00000000aee00000, 0x00000000aef00000|  0%| F|  |TAMS 0x00000000aee00000, 0x00000000aee00000| Untracked 
| 239|0x00000000aef00000, 0x00000000aef00000, 0x00000000af000000|  0%| F|  |TAMS 0x00000000aef00000, 0x00000000aef00000| Untracked 
| 240|0x00000000af000000, 0x00000000af000000, 0x00000000af100000|  0%| F|  |TAMS 0x00000000af000000, 0x00000000af000000| Untracked 
| 241|0x00000000af100000, 0x00000000af100000, 0x00000000af200000|  0%| F|  |TAMS 0x00000000af100000, 0x00000000af100000| Untracked 
| 242|0x00000000af200000, 0x00000000af200000, 0x00000000af300000|  0%| F|  |TAMS 0x00000000af200000, 0x00000000af200000| Untracked 
| 243|0x00000000af300000, 0x00000000af300000, 0x00000000af400000|  0%| F|  |TAMS 0x00000000af300000, 0x00000000af300000| Untracked 
| 244|0x00000000af400000, 0x00000000af400000, 0x00000000af500000|  0%| F|  |TAMS 0x00000000af400000, 0x00000000af400000| Untracked 
| 245|0x00000000af500000, 0x00000000af500000, 0x00000000af600000|  0%| F|  |TAMS 0x00000000af500000, 0x00000000af500000| Untracked 
| 246|0x00000000af600000, 0x00000000af600000, 0x00000000af700000|  0%| F|  |TAMS 0x00000000af600000, 0x00000000af600000| Untracked 
| 247|0x00000000af700000, 0x00000000af700000, 0x00000000af800000|  0%| F|  |TAMS 0x00000000af700000, 0x00000000af700000| Untracked 
| 248|0x00000000af800000, 0x00000000af800000, 0x00000000af900000|  0%| F|  |TAMS 0x00000000af800000, 0x00000000af800000| Untracked 
| 249|0x00000000af900000, 0x00000000af900000, 0x00000000afa00000|  0%| F|  |TAMS 0x00000000af900000, 0x00000000af900000| Untracked 
| 250|0x00000000afa00000, 0x00000000afa00000, 0x00000000afb00000|  0%| F|  |TAMS 0x00000000afa00000, 0x00000000afa00000| Untracked 
| 251|0x00000000afb00000, 0x00000000afb00000, 0x00000000afc00000|  0%| F|  |TAMS 0x00000000afb00000, 0x00000000afb00000| Untracked 
| 252|0x00000000afc00000, 0x00000000afc00000, 0x00000000afd00000|  0%| F|  |TAMS 0x00000000afc00000, 0x00000000afc00000| Untracked 
| 253|0x00000000afd00000, 0x00000000afd96838, 0x00000000afe00000| 58%| E|  |TAMS 0x00000000afd00000, 0x00000000afd00000| Complete 
| 254|0x00000000afe00000, 0x00000000aff00000, 0x00000000aff00000|100%| E|CS|TAMS 0x00000000afe00000, 0x00000000afe00000| Complete 
| 255|0x00000000aff00000, 0x00000000b0000000, 0x00000000b0000000|100%| E|CS|TAMS 0x00000000aff00000, 0x00000000aff00000| Complete 

Card table byte_map: [0x000001e0e9290000,0x000001e0e9590000] _byte_map_base: 0x000001e0e8d90000

Marking Bits (Prev, Next): (CMBitMap*) 0x000001e0d649c650, (CMBitMap*) 0x000001e0d649c618
 Prev Bits: [0x000001e0eb090000, 0x000001e0ec890000)
 Next Bits: [0x000001e0e9890000, 0x000001e0eb090000)

Polling page: 0x000001e0d4440000

Metaspace:

Usage:
  Non-class:     83.01 MB capacity,    80.67 MB ( 97%) used,     2.05 MB (  2%) free+waste,   302.88 KB ( <1%) overhead. 
      Class:     13.25 MB capacity,    12.06 MB ( 91%) used,     1.05 MB (  8%) free+waste,   139.75 KB (  1%) overhead. 
       Both:     96.26 MB capacity,    92.73 MB ( 96%) used,     3.09 MB (  3%) free+waste,   442.62 KB ( <1%) overhead. 

Virtual space:
  Non-class space:       84.00 MB reserved,      83.26 MB (>99%) committed 
      Class space:        1.00 GB reserved,      13.25 MB (  1%) committed 
             Both:        1.08 GB reserved,      96.51 MB (  9%) committed 

Chunk freelists:
   Non-Class:  0 bytes
       Class:  5.00 KB
        Both:  5.00 KB

MaxMetaspaceSize: 17179869184.00 GB
CompressedClassSpaceSize: 1.00 GB
Initial GC threshold: 20.80 MB
Current GC threshold: 159.39 MB
CDS: off

CodeHeap 'non-profiled nmethods': size=120064Kb used=9046Kb max_used=9046Kb free=111017Kb
 bounds [0x000001e0e1a50000, 0x000001e0e2330000, 0x000001e0e8f90000]
CodeHeap 'profiled nmethods': size=120000Kb used=29784Kb max_used=29784Kb free=90215Kb
 bounds [0x000001e0da520000, 0x000001e0dc240000, 0x000001e0e1a50000]
CodeHeap 'non-nmethods': size=5696Kb used=2385Kb max_used=2441Kb free=3310Kb
 bounds [0x000001e0d9f90000, 0x000001e0da210000, 0x000001e0da520000]
 total_blobs=14265 nmethods=13362 adapters=814
 compilation: enabled
              stopped_count=0, restarted_count=0
 full_count=0

Compilation events (20 events):
Event: 47.114 Thread 0x000001e0ef685000 13422   !   3       java.io.BufferedWriter::flushBuffer (53 bytes)
Event: 47.114 Thread 0x000001e0ef685000 nmethod 13422 0x000001e0dc230c90 code [0x000001e0dc230e80, 0x000001e0dc231418]
Event: 47.114 Thread 0x000001e0ef685000 13423   !   3       java.io.BufferedWriter::write (117 bytes)
Event: 47.115 Thread 0x000001e0ef685000 nmethod 13423 0x000001e0dc231690 code [0x000001e0dc2318a0, 0x000001e0dc231fa8]
Event: 47.115 Thread 0x000001e0ef685000 13425   !   3       java.io.PrintStream::write (83 bytes)
Event: 47.116 Thread 0x000001e0ef685000 nmethod 13425 0x000001e0dc232310 code [0x000001e0dc2325c0, 0x000001e0dc233358]
Event: 47.116 Thread 0x000001e0ef685000 13427       3       org.gradle.internal.io.LineBufferingOutputStream::write (59 bytes)
Event: 47.117 Thread 0x000001e0ef685000 nmethod 13427 0x000001e0dc233990 code [0x000001e0dc233c60, 0x000001e0dc234a18]
Event: 47.117 Thread 0x000001e0ef685000 13432       3       org.gradle.internal.io.LineBufferingOutputStream::endsWithLineSeparator (27 bytes)
Event: 47.117 Thread 0x000001e0ef685000 nmethod 13432 0x000001e0dc234f90 code [0x000001e0dc235140, 0x000001e0dc2352d8]
Event: 47.117 Thread 0x000001e0ef685000 13428       3       org.gradle.internal.io.StreamByteBuffer$StreamByteBufferOutputStream::write (22 bytes)
Event: 47.117 Thread 0x000001e0ef685000 nmethod 13428 0x000001e0dc235390 code [0x000001e0dc235560, 0x000001e0dc2357c8]
Event: 47.117 Thread 0x000001e0ef685000 13429       3       org.gradle.internal.io.StreamByteBuffer$StreamByteBufferChunk::write (32 bytes)
Event: 47.117 Thread 0x000001e0ef685000 nmethod 13429 0x000001e0dc235990 code [0x000001e0dc235b40, 0x000001e0dc235cd8]
Event: 47.117 Thread 0x000001e0ef685000 13424       3       java.io.OutputStreamWriter::flushBuffer (8 bytes)
Event: 47.118 Thread 0x000001e0ef685000 nmethod 13424 0x000001e0dc235d90 code [0x000001e0dc235f40, 0x000001e0dc236068]
Event: 47.118 Thread 0x000001e0ef685000 13426       1       org.gradle.internal.logging.events.RenderableOutputEvent::getBuildOperationId (5 bytes)
Event: 47.118 Thread 0x000001e0ef685000 nmethod 13426 0x000001e0e2324790 code [0x000001e0e2324940, 0x000001e0e23249f8]
Event: 47.123 Thread 0x000001e0ef682000 nmethod 13420 0x000001e0e2324a90 code [0x000001e0e2324ca0, 0x000001e0e23253f0]
Event: 47.123 Thread 0x000001e0ef682000 13430       4       org.gradle.internal.logging.text.AbstractLineChoppingStyledTextOutput::doAppend (43 bytes)

GC Heap History (20 events):
Event: 22.627 GC heap before
{Heap before GC invocations=17 (full 0):
 garbage-first heap   total 262144K, used 197548K [0x00000000a0000000, 0x0000000100000000)
  region size 1024K, 97 young (99328K), 14 survivors (14336K)
 Metaspace       used 90175K, capacity 93521K, committed 93576K, reserved 1130496K
  class space    used 11779K, capacity 12914K, committed 12928K, reserved 1048576K
}
Event: 22.646 GC heap after
{Heap after GC invocations=18 (full 0):
 garbage-first heap   total 262144K, used 121344K [0x00000000a0000000, 0x0000000100000000)
  region size 1024K, 8 young (8192K), 8 survivors (8192K)
 Metaspace       used 90175K, capacity 93521K, committed 93576K, reserved 1130496K
  class space    used 11779K, capacity 12914K, committed 12928K, reserved 1048576K
}
Event: 24.646 GC heap before
{Heap before GC invocations=18 (full 0):
 garbage-first heap   total 262144K, used 204288K [0x00000000a0000000, 0x0000000100000000)
  region size 1024K, 88 young (90112K), 8 survivors (8192K)
 Metaspace       used 91667K, capacity 95044K, committed 95368K, reserved 1132544K
  class space    used 11943K, capacity 13085K, committed 13184K, reserved 1048576K
}
Event: 24.667 GC heap after
{Heap after GC invocations=19 (full 0):
 garbage-first heap   total 262144K, used 131883K [0x00000000a0000000, 0x0000000100000000)
  region size 1024K, 11 young (11264K), 11 survivors (11264K)
 Metaspace       used 91667K, capacity 95044K, committed 95368K, reserved 1132544K
  class space    used 11943K, capacity 13085K, committed 13184K, reserved 1048576K
}
Event: 26.421 GC heap before
{Heap before GC invocations=19 (full 0):
 garbage-first heap   total 262144K, used 206635K [0x00000000a0000000, 0x0000000100000000)
  region size 1024K, 84 young (86016K), 11 survivors (11264K)
 Metaspace       used 91671K, capacity 95047K, committed 95368K, reserved 1132544K
  class space    used 11943K, capacity 13085K, committed 13184K, reserved 1048576K
}
Event: 26.431 GC heap after
{Heap after GC invocations=20 (full 0):
 garbage-first heap   total 262144K, used 133385K [0x00000000a0000000, 0x0000000100000000)
  region size 1024K, 2 young (2048K), 2 survivors (2048K)
 Metaspace       used 91671K, capacity 95047K, committed 95368K, reserved 1132544K
  class space    used 11943K, capacity 13085K, committed 13184K, reserved 1048576K
}
Event: 28.156 GC heap before
{Heap before GC invocations=21 (full 0):
 garbage-first heap   total 262144K, used 210185K [0x00000000a0000000, 0x0000000100000000)
  region size 1024K, 78 young (79872K), 2 survivors (2048K)
 Metaspace       used 91643K, capacity 94999K, committed 95368K, reserved 1132544K
  class space    used 11934K, capacity 13069K, committed 13184K, reserved 1048576K
}
Event: 28.158 GC heap after
{Heap after GC invocations=22 (full 0):
 garbage-first heap   total 262144K, used 131218K [0x00000000a0000000, 0x0000000100000000)
  region size 1024K, 1 young (1024K), 1 survivors (1024K)
 Metaspace       used 91643K, capacity 94999K, committed 95368K, reserved 1132544K
  class space    used 11934K, capacity 13069K, committed 13184K, reserved 1048576K
}
Event: 29.893 GC heap before
{Heap before GC invocations=22 (full 0):
 garbage-first heap   total 262144K, used 214162K [0x00000000a0000000, 0x0000000100000000)
  region size 1024K, 82 young (83968K), 1 survivors (1024K)
 Metaspace       used 91818K, capacity 95178K, committed 95368K, reserved 1132544K
  class space    used 11938K, capacity 13076K, committed 13184K, reserved 1048576K
}
Event: 29.895 GC heap after
{Heap after GC invocations=23 (full 0):
 garbage-first heap   total 262144K, used 131271K [0x00000000a0000000, 0x0000000100000000)
  region size 1024K, 1 young (1024K), 1 survivors (1024K)
 Metaspace       used 91818K, capacity 95178K, committed 95368K, reserved 1132544K
  class space    used 11938K, capacity 13076K, committed 13184K, reserved 1048576K
}
Event: 31.632 GC heap before
{Heap before GC invocations=24 (full 0):
 garbage-first heap   total 262144K, used 217287K [0x00000000a0000000, 0x0000000100000000)
  region size 1024K, 85 young (87040K), 1 survivors (1024K)
 Metaspace       used 92178K, capacity 95606K, committed 95880K, reserved 1132544K
  class space    used 11960K, capacity 13121K, committed 13184K, reserved 1048576K
}
Event: 31.635 GC heap after
{Heap after GC invocations=25 (full 0):
 garbage-first heap   total 262144K, used 131336K [0x00000000a0000000, 0x0000000100000000)
  region size 1024K, 1 young (1024K), 1 survivors (1024K)
 Metaspace       used 92178K, capacity 95606K, committed 95880K, reserved 1132544K
  class space    used 11960K, capacity 13121K, committed 13184K, reserved 1048576K
}
Event: 33.313 GC heap before
{Heap before GC invocations=25 (full 0):
 garbage-first heap   total 262144K, used 219400K [0x00000000a0000000, 0x0000000100000000)
  region size 1024K, 87 young (89088K), 1 survivors (1024K)
 Metaspace       used 92179K, capacity 95606K, committed 95880K, reserved 1132544K
  class space    used 11960K, capacity 13121K, committed 13184K, reserved 1048576K
}
Event: 33.315 GC heap after
{Heap after GC invocations=26 (full 0):
 garbage-first heap   total 262144K, used 131282K [0x00000000a0000000, 0x0000000100000000)
  region size 1024K, 1 young (1024K), 1 survivors (1024K)
 Metaspace       used 92179K, capacity 95606K, committed 95880K, reserved 1132544K
  class space    used 11960K, capacity 13121K, committed 13184K, reserved 1048576K
}
Event: 35.012 GC heap before
{Heap before GC invocations=27 (full 0):
 garbage-first heap   total 262144K, used 221394K [0x00000000a0000000, 0x0000000100000000)
  region size 1024K, 89 young (91136K), 1 survivors (1024K)
 Metaspace       used 92179K, capacity 95606K, committed 95880K, reserved 1132544K
  class space    used 11960K, capacity 13121K, committed 13184K, reserved 1048576K
}
Event: 35.014 GC heap after
{Heap after GC invocations=28 (full 0):
 garbage-first heap   total 262144K, used 131257K [0x00000000a0000000, 0x0000000100000000)
  region size 1024K, 1 young (1024K), 1 survivors (1024K)
 Metaspace       used 92179K, capacity 95606K, committed 95880K, reserved 1132544K
  class space    used 11960K, capacity 13121K, committed 13184K, reserved 1048576K
}
Event: 36.056 GC heap before
{Heap before GC invocations=28 (full 0):
 garbage-first heap   total 262144K, used 196793K [0x00000000a0000000, 0x0000000100000000)
  region size 1024K, 66 young (67584K), 1 survivors (1024K)
 Metaspace       used 94143K, capacity 97740K, committed 97928K, reserved 1134592K
  class space    used 12234K, capacity 13416K, committed 13440K, reserved 1048576K
}
Event: 36.070 GC heap after
{Heap after GC invocations=29 (full 0):
 garbage-first heap   total 262144K, used 137147K [0x00000000a0000000, 0x0000000100000000)
  region size 1024K, 7 young (7168K), 7 survivors (7168K)
 Metaspace       used 94143K, capacity 97740K, committed 97928K, reserved 1134592K
  class space    used 12234K, capacity 13416K, committed 13440K, reserved 1048576K
}
Event: 37.241 GC heap before
{Heap before GC invocations=30 (full 0):
 garbage-first heap   total 262144K, used 220091K [0x00000000a0000000, 0x0000000100000000)
  region size 1024K, 86 young (88064K), 7 survivors (7168K)
 Metaspace       used 94788K, capacity 98407K, committed 98568K, reserved 1134592K
  class space    used 12332K, capacity 13551K, committed 13568K, reserved 1048576K
}
Event: 37.255 GC heap after
{Heap after GC invocations=31 (full 0):
 garbage-first heap   total 262144K, used 141229K [0x00000000a0000000, 0x0000000100000000)
  region size 1024K, 6 young (6144K), 6 survivors (6144K)
 Metaspace       used 94788K, capacity 98407K, committed 98568K, reserved 1134592K
  class space    used 12332K, capacity 13551K, committed 13568K, reserved 1048576K
}

Deoptimization events (20 events):
Event: 37.158 Thread 0x000001e0f3621800 Uncommon trap: trap_request=0xffffffc6 fr.pc=0x000001e0e22f1830 relative=0x0000000000002df0
Event: 37.158 Thread 0x000001e0f3621800 Uncommon trap: reason=bimorphic_or_optimized_type_check action=maybe_recompile pc=0x000001e0e22f1830 method=org.gradle.internal.snapshot.AbstractStorePathRelationshipHandler.handleAsDescendantOfChild(Lorg/gradle/internal/snapshot/VfsRelativePath;Ljava/lan
Event: 37.158 Thread 0x000001e0f3621800 DEOPT PACKING pc=0x000001e0e22f1830 sp=0x0000002a145fa9c0
Event: 37.158 Thread 0x000001e0f3621800 DEOPT UNPACKING pc=0x000001e0d9fda1af sp=0x0000002a145fa830 mode 2
Event: 47.113 Thread 0x000001e0f2343000 Uncommon trap: trap_request=0xffffffc6 fr.pc=0x000001e0e202a224 relative=0x0000000000000324
Event: 47.113 Thread 0x000001e0f2343000 Uncommon trap: reason=bimorphic_or_optimized_type_check action=maybe_recompile pc=0x000001e0e202a224 method=org.gradle.internal.logging.sink.OutputEventRenderer.onOutput(Lorg/gradle/internal/logging/events/OutputEvent;)V @ 1 c2
Event: 47.113 Thread 0x000001e0f2343000 DEOPT PACKING pc=0x000001e0e202a224 sp=0x0000002a149fece0
Event: 47.113 Thread 0x000001e0f2343000 DEOPT UNPACKING pc=0x000001e0d9fda1af sp=0x0000002a149fec98 mode 2
Event: 47.114 Thread 0x000001e0f2343000 Uncommon trap: trap_request=0xffffffc6 fr.pc=0x000001e0e202a224 relative=0x0000000000000324
Event: 47.114 Thread 0x000001e0f2343000 Uncommon trap: reason=bimorphic_or_optimized_type_check action=maybe_recompile pc=0x000001e0e202a224 method=org.gradle.internal.logging.sink.OutputEventRenderer.onOutput(Lorg/gradle/internal/logging/events/OutputEvent;)V @ 1 c2
Event: 47.114 Thread 0x000001e0f2343000 DEOPT PACKING pc=0x000001e0e202a224 sp=0x0000002a149fece0
Event: 47.114 Thread 0x000001e0f2343000 DEOPT UNPACKING pc=0x000001e0d9fda1af sp=0x0000002a149fec98 mode 2
Event: 47.114 Thread 0x000001e0f2343000 Uncommon trap: trap_request=0xffffffc6 fr.pc=0x000001e0e202a224 relative=0x0000000000000324
Event: 47.114 Thread 0x000001e0f2343000 Uncommon trap: reason=bimorphic_or_optimized_type_check action=maybe_recompile pc=0x000001e0e202a224 method=org.gradle.internal.logging.sink.OutputEventRenderer.onOutput(Lorg/gradle/internal/logging/events/OutputEvent;)V @ 1 c2
Event: 47.114 Thread 0x000001e0f2343000 DEOPT PACKING pc=0x000001e0e202a224 sp=0x0000002a149fece0
Event: 47.114 Thread 0x000001e0f2343000 DEOPT UNPACKING pc=0x000001e0d9fda1af sp=0x0000002a149fec98 mode 2
Event: 47.114 Thread 0x000001e0f2343000 Uncommon trap: trap_request=0xffffffc6 fr.pc=0x000001e0e202a224 relative=0x0000000000000324
Event: 47.114 Thread 0x000001e0f2343000 Uncommon trap: reason=bimorphic_or_optimized_type_check action=maybe_recompile pc=0x000001e0e202a224 method=org.gradle.internal.logging.sink.OutputEventRenderer.onOutput(Lorg/gradle/internal/logging/events/OutputEvent;)V @ 1 c2
Event: 47.114 Thread 0x000001e0f2343000 DEOPT PACKING pc=0x000001e0e202a224 sp=0x0000002a149fece0
Event: 47.114 Thread 0x000001e0f2343000 DEOPT UNPACKING pc=0x000001e0d9fda1af sp=0x0000002a149fec98 mode 2

Classes redefined (0 events):
No events

Internal exceptions (20 events):
Event: 37.226 Thread 0x000001e0f3621800 Exception <a 'java/lang/ClassNotFoundException'{0x00000000aac51740}: org/gradle/process/internal/DefaultExecAction_DecoratedBeanInfo> (0x00000000aac51740) thrown at [src/hotspot/share/classfile/systemDictionary.cpp, line 230]
Event: 37.227 Thread 0x000001e0f3621800 Exception <a 'java/lang/ClassNotFoundException'{0x00000000aac84bc8}: org/gradle/process/internal/DefaultExecActionBeanInfo> (0x00000000aac84bc8) thrown at [src/hotspot/share/classfile/systemDictionary.cpp, line 230]
Event: 37.229 Thread 0x000001e0f3621800 Exception <a 'java/lang/ClassNotFoundException'{0x00000000aacbb8f8}: org/gradle/process/internal/DefaultExecHandleBuilderBeanInfo> (0x00000000aacbb8f8) thrown at [src/hotspot/share/classfile/systemDictionary.cpp, line 230]
Event: 37.230 Thread 0x000001e0f3621800 Exception <a 'java/lang/ClassNotFoundException'{0x00000000aacf2818}: org/gradle/process/internal/AbstractExecHandleBuilderBeanInfo> (0x00000000aacf2818) thrown at [src/hotspot/share/classfile/systemDictionary.cpp, line 230]
Event: 37.230 Thread 0x000001e0f3621800 Exception <a 'java/lang/ClassNotFoundException'{0x00000000aab2a530}: org/gradle/process/internal/DefaultProcessForkOptionsBeanInfo> (0x00000000aab2a530) thrown at [src/hotspot/share/classfile/systemDictionary.cpp, line 230]
Event: 37.231 Thread 0x000001e0f3621800 Exception <a 'java/lang/ClassNotFoundException'{0x00000000aab621e8}: org/gradle/process/internal/DefaultProcessForkOptionsCustomizer> (0x00000000aab621e8) thrown at [src/hotspot/share/classfile/systemDictionary.cpp, line 230]
Event: 37.233 Thread 0x000001e0f3621800 Exception <a 'java/lang/ClassNotFoundException'{0x00000000aaba6b80}: org/gradle/process/internal/AbstractExecHandleBuilderCustomizer> (0x00000000aaba6b80) thrown at [src/hotspot/share/classfile/systemDictionary.cpp, line 230]
Event: 37.234 Thread 0x000001e0f3621800 Exception <a 'java/lang/ClassNotFoundException'{0x00000000aabef7d0}: org/gradle/process/internal/DefaultExecHandleBuilderCustomizer> (0x00000000aabef7d0) thrown at [src/hotspot/share/classfile/systemDictionary.cpp, line 230]
Event: 37.236 Thread 0x000001e0f3621800 Exception <a 'java/lang/ClassNotFoundException'{0x00000000aaa4f8a0}: org/gradle/process/internal/DefaultExecActionCustomizer> (0x00000000aaa4f8a0) thrown at [src/hotspot/share/classfile/systemDictionary.cpp, line 230]
Event: 37.238 Thread 0x000001e0f3621800 Exception <a 'java/lang/ClassNotFoundException'{0x00000000aaa90078}: org/gradle/process/internal/DefaultExecAction_DecoratedCustomizer> (0x00000000aaa90078) thrown at [src/hotspot/share/classfile/systemDictionary.cpp, line 230]
Event: 37.241 Thread 0x000001e0f3621800 Exception <a 'java/lang/ClassNotFoundException'{0x00000000aaaecc10}: org/gradle/api/logging/LogLevelBeanInfo> (0x00000000aaaecc10) thrown at [src/hotspot/share/classfile/systemDictionary.cpp, line 230]
Event: 37.256 Thread 0x000001e0f3621800 Exception <a 'java/lang/ClassNotFoundException'{0x00000000aff1a988}: org/gradle/api/logging/LogLevelCustomizer> (0x00000000aff1a988) thrown at [src/hotspot/share/classfile/systemDictionary.cpp, line 230]
Event: 37.261 Thread 0x000001e0f3621800 Exception <a 'java/lang/ClassNotFoundException'{0x00000000aff8f528}: org/gradle/internal/logging/services/DefaultLoggingManagerBeanInfo> (0x00000000aff8f528) thrown at [src/hotspot/share/classfile/systemDictionary.cpp, line 230]
Event: 37.262 Thread 0x000001e0f3621800 Exception <a 'java/lang/ClassNotFoundException'{0x00000000affc7d18}: org/gradle/internal/logging/services/DefaultLoggingManagerCustomizer> (0x00000000affc7d18) thrown at [src/hotspot/share/classfile/systemDictionary.cpp, line 230]
Event: 37.265 Thread 0x000001e0f3621800 Exception <a 'java/lang/ClassNotFoundException'{0x00000000afe05780}: java/lang/BooleanBeanInfo> (0x00000000afe05780) thrown at [src/hotspot/share/classfile/systemDictionary.cpp, line 230]
Event: 37.265 Thread 0x000001e0f3621800 Exception <a 'java/lang/ClassNotFoundException'{0x00000000afe12660}: java/lang/BooleanCustomizer> (0x00000000afe12660) thrown at [src/hotspot/share/classfile/systemDictionary.cpp, line 230]
Event: 37.293 Thread 0x000001e0f2345000 Exception <a 'java/lang/NoSuchMethodError'{0x00000000afede618}: 'void java.lang.invoke.DirectMethodHandle$Holder.invokeStatic(java.lang.Object, long)'> (0x00000000afede618) thrown at [src/hotspot/share/interpreter/linkResolver.cpp, line 773]
Event: 37.294 Thread 0x000001e0f2345000 Exception <a 'java/lang/NoSuchMethodError'{0x00000000afee3588}: 'java.lang.Object java.lang.invoke.DirectMethodHandle$Holder.invokeStatic(java.lang.Object, long)'> (0x00000000afee3588) thrown at [src/hotspot/share/interpreter/linkResolver.cpp, line 773]
Event: 37.294 Thread 0x000001e0f2345000 Exception <a 'java/lang/NoSuchMethodError'{0x00000000afee68b0}: 'java.lang.Object java.lang.invoke.DirectMethodHandle$Holder.invokeSpecial(java.lang.Object, java.lang.Object, long)'> (0x00000000afee68b0) thrown at [src/hotspot/share/interpreter/linkResolver.cpp, line 773]
Event: 37.296 Thread 0x000001e0f2345000 Exception <a 'java/lang/NoSuchMethodError'{0x00000000afef1468}: 'java.lang.Object java.lang.invoke.DirectMethodHandle$Holder.invokeStaticInit(java.lang.Object, java.lang.Object, long, java.lang.Object)'> (0x00000000afef1468) thrown at [src/hotspot/share/interpreter/linkResolver.cpp, line 773]

Events (20 events):
Event: 37.297 loading class java/lang/ProcessImpl$2 done
Event: 37.297 loading class java/lang/Process$PipeInputStream
Event: 37.297 loading class java/lang/Process$PipeInputStream done
Event: 37.297 Executing VM operation: Deoptimize
Event: 37.298 Executing VM operation: Deoptimize done
Event: 37.299 loading class org/gradle/process/internal/streams/ExecOutputHandleRunner
Event: 37.299 loading class org/gradle/process/internal/streams/ExecOutputHandleRunner done
Event: 37.300 Thread 0x000001e0f2343000 Thread added: 0x000001e0f2343000
Event: 37.300 Thread 0x000001e0f233f000 Thread added: 0x000001e0f233f000
Event: 38.011 Thread 0x000001e0fa4e1800 Thread exited: 0x000001e0fa4e1800
Event: 47.112 loading class org/gradle/internal/logging/events/StyledTextOutputEvent$Span
Event: 47.112 loading class org/gradle/internal/logging/events/StyledTextOutputEvent$Span done
Event: 47.112 loading class org/gradle/internal/logging/events/operations/StyledTextBuildOperationProgressDetails$Span
Event: 47.112 loading class org/gradle/internal/logging/events/operations/StyledTextBuildOperationProgressDetails$Span done
Event: 47.112 loading class org/gradle/internal/operations/logging/StyledTextBuildOperationProgressDetails$Span
Event: 47.112 loading class org/gradle/internal/operations/logging/StyledTextBuildOperationProgressDetails$Span done
Event: 47.112 Executing VM operation: RevokeBias
Event: 47.113 Executing VM operation: RevokeBias done
Event: 47.113 Executing VM operation: RevokeBias
Event: 47.113 Executing VM operation: RevokeBias done


Dynamic libraries:
0x00007ff6a6f10000 - 0x00007ff6a6f1a000 	C:\Program Files\Android\Android Studio\jbr\bin\java.exe
0x00007ffc1d830000 - 0x00007ffc1da25000 	C:\Windows\SYSTEM32\ntdll.dll
0x00007ffc1d640000 - 0x00007ffc1d6fd000 	C:\Windows\System32\KERNEL32.DLL
0x00007ffc1b1f0000 - 0x00007ffc1b4b9000 	C:\Windows\System32\KERNELBASE.dll
0x00007ffc1b4c0000 - 0x00007ffc1b5c0000 	C:\Windows\System32\ucrtbase.dll
0x00007ffc140f0000 - 0x00007ffc14107000 	C:\Program Files\Android\Android Studio\jbr\bin\jli.dll
0x00007ffc140d0000 - 0x00007ffc140eb000 	C:\Program Files\Android\Android Studio\jbr\bin\VCRUNTIME140.dll
0x00007ffc1ba30000 - 0x00007ffc1bbd0000 	C:\Windows\System32\USER32.dll
0x00007ffc1b660000 - 0x00007ffc1b682000 	C:\Windows\System32\win32u.dll
0x00007ffc098c0000 - 0x00007ffc09b5a000 	C:\Windows\WinSxS\amd64_microsoft.windows.common-controls_6595b64144ccf1df_6.0.19041.1110_none_60b5254171f9507e\COMCTL32.dll
0x00007ffc1c4c0000 - 0x00007ffc1c4ea000 	C:\Windows\System32\GDI32.dll
0x00007ffc1d400000 - 0x00007ffc1d49e000 	C:\Windows\System32\msvcrt.dll
0x00007ffc1b000000 - 0x00007ffc1b10b000 	C:\Windows\System32\gdi32full.dll
0x00007ffc1b5c0000 - 0x00007ffc1b65d000 	C:\Windows\System32\msvcp_win.dll
0x00007ffc1b970000 - 0x00007ffc1b9a0000 	C:\Windows\System32\IMM32.DLL
0x00007ffc15db0000 - 0x00007ffc15dbc000 	C:\Program Files\Android\Android Studio\jbr\bin\vcruntime140_1.dll
0x00007ffbff9b0000 - 0x00007ffbffa3d000 	C:\Program Files\Android\Android Studio\jbr\bin\msvcp140.dll
0x00007ffbc67d0000 - 0x00007ffbc738c000 	C:\Program Files\Android\Android Studio\jbr\bin\server\jvm.dll
0x00007ffc1c700000 - 0x00007ffc1c7ac000 	C:\Windows\System32\ADVAPI32.dll
0x00007ffc1c3c0000 - 0x00007ffc1c45b000 	C:\Windows\System32\sechost.dll
0x00007ffc1cf00000 - 0x00007ffc1d02a000 	C:\Windows\System32\RPCRT4.dll
0x00007ffc1d7c0000 - 0x00007ffc1d7c8000 	C:\Windows\System32\PSAPI.DLL
0x00007ffc14040000 - 0x00007ffc14049000 	C:\Windows\SYSTEM32\WSOCK32.dll
0x00007ffc1ce90000 - 0x00007ffc1cefb000 	C:\Windows\System32\WS2_32.dll
0x00007ffc07c10000 - 0x00007ffc07c37000 	C:\Windows\SYSTEM32\WINMM.dll
0x00007ffc0bb30000 - 0x00007ffc0bb3a000 	C:\Windows\SYSTEM32\VERSION.dll
0x00007ffc18e80000 - 0x00007ffc18e92000 	C:\Windows\SYSTEM32\kernel.appcore.dll
0x00007ffc14030000 - 0x00007ffc14040000 	C:\Program Files\Android\Android Studio\jbr\bin\verify.dll
0x00007ffc0ab40000 - 0x00007ffc0ad24000 	C:\Windows\SYSTEM32\DBGHELP.DLL
0x00007ffc0a8f0000 - 0x00007ffc0a91c000 	C:\Windows\SYSTEM32\dbgcore.DLL
0x00007ffc1af70000 - 0x00007ffc1aff3000 	C:\Windows\System32\bcryptPrimitives.dll
0x00007ffc13da0000 - 0x00007ffc13dc8000 	C:\Program Files\Android\Android Studio\jbr\bin\java.dll
0x00007ffc13f40000 - 0x00007ffc13f4a000 	C:\Program Files\Android\Android Studio\jbr\bin\jimage.dll
0x00007ffc10f80000 - 0x00007ffc10f98000 	C:\Program Files\Android\Android Studio\jbr\bin\zip.dll
0x00007ffc1bc80000 - 0x00007ffc1c3bf000 	C:\Windows\System32\SHELL32.dll
0x00007ffc19080000 - 0x00007ffc19811000 	C:\Windows\SYSTEM32\windows.storage.dll
0x00007ffc1d0a0000 - 0x00007ffc1d3f5000 	C:\Windows\System32\combase.dll
0x00007ffc1a830000 - 0x00007ffc1a85c000 	C:\Windows\SYSTEM32\Wldp.dll
0x00007ffc1cde0000 - 0x00007ffc1ce8e000 	C:\Windows\System32\SHCORE.dll
0x00007ffc1d760000 - 0x00007ffc1d7b5000 	C:\Windows\System32\shlwapi.dll
0x00007ffc1aeb0000 - 0x00007ffc1aecf000 	C:\Windows\SYSTEM32\profapi.dll
0x00007ffc0bc80000 - 0x00007ffc0bc99000 	C:\Program Files\Android\Android Studio\jbr\bin\net.dll
0x00007ffc14d20000 - 0x00007ffc14e2a000 	C:\Windows\SYSTEM32\WINHTTP.dll
0x00007ffc1a610000 - 0x00007ffc1a67a000 	C:\Windows\system32\mswsock.dll
0x00007ffc08ba0000 - 0x00007ffc08bb3000 	C:\Program Files\Android\Android Studio\jbr\bin\nio.dll
0x00007ffc08aa0000 - 0x00007ffc08ac7000 	C:\Users\bilal.ahmad\.gradle\native\e1d6ef7f7dcc3fd88c89a11ec53ec762bb8ba0a96d01ffa2cd45eb1d1d8dd5c5\windows-amd64\native-platform.dll
0x00007ffbdf990000 - 0x00007ffbdfad4000 	C:\Users\bilal.ahmad\.gradle\native\0d407fdbe67a94daf76414ababcb853783967236a71b16ec16e742cd7a986fd3\windows-amd64\native-platform-file-events.dll
0x00007ffc13f00000 - 0x00007ffc13f0a000 	C:\Program Files\Android\Android Studio\jbr\bin\management.dll
0x00007ffc13cd0000 - 0x00007ffc13cdb000 	C:\Program Files\Android\Android Studio\jbr\bin\management_ext.dll
0x00007ffc1ab60000 - 0x00007ffc1ab78000 	C:\Windows\SYSTEM32\CRYPTSP.dll
0x00007ffc19fd0000 - 0x00007ffc1a004000 	C:\Windows\system32\rsaenh.dll
0x00007ffc1b110000 - 0x00007ffc1b137000 	C:\Windows\System32\bcrypt.dll
0x00007ffc1ae70000 - 0x00007ffc1ae9e000 	C:\Windows\SYSTEM32\USERENV.dll
0x00007ffc1a790000 - 0x00007ffc1a79c000 	C:\Windows\SYSTEM32\CRYPTBASE.dll
0x00007ffc1a320000 - 0x00007ffc1a35b000 	C:\Windows\SYSTEM32\IPHLPAPI.DLL
0x00007ffc1d090000 - 0x00007ffc1d098000 	C:\Windows\System32\NSI.dll
0x00007ffc15bf0000 - 0x00007ffc15c07000 	C:\Windows\SYSTEM32\dhcpcsvc6.DLL
0x00007ffc15bd0000 - 0x00007ffc15bed000 	C:\Windows\SYSTEM32\dhcpcsvc.DLL
0x00007ffc1a360000 - 0x00007ffc1a42c000 	C:\Windows\SYSTEM32\DNSAPI.dll

dbghelp: loaded successfully - version: 4.0.5 - missing functions: none
symbol engine: initialized successfully - sym options: 0x614 - pdb path: .;C:\Program Files\Android\Android Studio\jbr\bin;C:\Windows\SYSTEM32;C:\Windows\WinSxS\amd64_microsoft.windows.common-controls_6595b64144ccf1df_6.0.19041.1110_none_60b5254171f9507e;C:\Program Files\Android\Android Studio\jbr\bin\server;C:\Users\bilal.ahmad\.gradle\native\e1d6ef7f7dcc3fd88c89a11ec53ec762bb8ba0a96d01ffa2cd45eb1d1d8dd5c5\windows-amd64;C:\Users\bilal.ahmad\.gradle\native\0d407fdbe67a94daf76414ababcb853783967236a71b16ec16e742cd7a986fd3\windows-amd64

VM Arguments:
jvm_args: --add-opens=java.base/java.util=ALL-UNNAMED --add-opens=java.base/java.lang=ALL-UNNAMED --add-opens=java.base/java.lang.invoke=ALL-UNNAMED --add-opens=java.base/java.util=ALL-UNNAMED --add-opens=java.prefs/java.util.prefs=ALL-UNNAMED --add-opens=java.prefs/java.util.prefs=ALL-UNNAMED --add-opens=java.base/java.nio.charset=ALL-UNNAMED --add-opens=java.base/java.net=ALL-UNNAMED --add-opens=java.base/java.util.concurrent.atomic=ALL-UNNAMED -Xmx1536M -Dfile.encoding=windows-1252 -Duser.country=US -Duser.language=en -Duser.variant 
java_command: org.gradle.launcher.daemon.bootstrap.GradleDaemon 7.5
java_class_path (initial): C:\Users\bilal.ahmad\.gradle\wrapper\dists\gradle-7.5-all\6qsw290k5lz422uaf8jf6m7co\gradle-7.5\lib\gradle-launcher-7.5.jar
Launcher Type: SUN_STANDARD

[Global flags]
     intx CICompilerCount                          = 3                                         {product} {ergonomic}
     uint ConcGCThreads                            = 1                                         {product} {ergonomic}
     uint G1ConcRefinementThreads                  = 4                                         {product} {ergonomic}
   size_t G1HeapRegionSize                         = 1048576                                   {product} {ergonomic}
    uintx GCDrainStackTargetSize                   = 64                                        {product} {ergonomic}
   size_t InitialHeapSize                          = 268435456                                 {product} {ergonomic}
   size_t MarkStackSize                            = 4194304                                   {product} {ergonomic}
   size_t MaxHeapSize                              = 1610612736                                {product} {command line}
   size_t MaxNewSize                               = 965738496                                 {product} {ergonomic}
   size_t MinHeapDeltaBytes                        = 1048576                                   {product} {ergonomic}
    uintx NonNMethodCodeHeapSize                   = 5830732                                {pd product} {ergonomic}
    uintx NonProfiledCodeHeapSize                  = 122913754                              {pd product} {ergonomic}
    uintx ProfiledCodeHeapSize                     = 122913754                              {pd product} {ergonomic}
    uintx ReservedCodeCacheSize                    = 251658240                              {pd product} {ergonomic}
     bool SegmentedCodeCache                       = true                                      {product} {ergonomic}
     bool UseCompressedClassPointers               = true                                 {lp64_product} {ergonomic}
     bool UseCompressedOops                        = true                                 {lp64_product} {ergonomic}
     bool UseG1GC                                  = true                                      {product} {ergonomic}
     bool UseLargePagesIndividualAllocation        = false                                  {pd product} {ergonomic}

Logging:
Log output configuration:
 #0: stdout all=warning uptime,level,tags
 #1: stderr all=off uptime,level,tags

Environment Variables:
JAVA_HOME=C:\Program Files\Android\Android Studio\jbr
CLASSPATH=E:\vloo-frontend\android\\gradle\wrapper\gradle-wrapper.jar
PATH=C:\Windows\system32;C:\Windows;C:\Windows\System32\Wbem;C:\Windows\System32\WindowsPowerShell\v1.0\;C:\Windows\System32\OpenSSH\;C:\Program Files (x86)\Common Files\Acronis\VirtualFile\;C:\Program Files (x86)\Common Files\Acronis\VirtualFile64\;C:\Program Files (x86)\Common Files\Acronis\SnapAPI\;C:\Program Files\Git\cmd;C:\Program Files\TortoiseGit\bin;E:\flutter development\flutter\bin;C:\Users\bilal.ahmad\AppData\Local\Microsoft\WindowsApps;C:\Users\bilal.ahmad\AppData\Local\Programs\Microsoft VS Code\bin;E:\flutter development\flutter\bin;C:\Users\bilal.ahmad\AppData\Local\Pub\Cache\bin;;E:\flutter development\flutter\bin\mingit\cmd
USERNAME=bilal.ahmad
OS=Windows_NT
PROCESSOR_IDENTIFIER=Intel64 Family 6 Model 58 Stepping 9, GenuineIntel



---------------  S Y S T E M  ---------------

OS: Windows 10 , 64 bit Build 19041 (10.0.19041.1023)
OS uptime: 15 days 19:22 hours
Hyper-V role detected

CPU:total 4 (initial active 4) (4 cores per cpu, 1 threads per core) family 6 model 58 stepping 9 microcode 0x21, cmov, cx8, fxsr, mmx, sse, sse2, sse3, ssse3, sse4.1, sse4.2, popcnt, avx, aes, clmul, erms, tsc, tscinvbit, tscinv

Memory: 4k page, system-wide physical 16270M (5454M free)
TotalPageFile size 46788M (AvailPageFile size 3M)
current process WorkingSet (physical memory assigned to process): 510M, peak: 565M
current process commit charge ("private bytes"): 546M, peak: 600M

vm_info: OpenJDK 64-Bit Server VM (11.0.15+0-b2043.56-9505619) for windows-amd64 JRE (11.0.15+0-b2043.56-9505619), built on Jan 19 2023 02:48:00 by "builduser" with unknown MS VC++:1929

END.
